nohup: ignoring input
[+] FABRIC: genFabDf marked as deactive, modify param.yaml for activation.
[+] FABRIC Data Frame Successfully Loaded.
Extracted:  [ 1 / 9092 ]
Extracted:  [ 2 / 9092 ]
Extracted:  [ 3 / 9092 ]
Extracted:  [ 4 / 9092 ]
Extracted:  [ 5 / 9092 ]
Extracted:  [ 6 / 9092 ]
Extracted:  [ 7 / 9092 ]
Extracted:  [ 8 / 9092 ]
Extracted:  [ 9 / 9092 ]
Extracted:  [ 10 / 9092 ]
Extracted:  [ 11 / 9092 ]
Extracted:  [ 12 / 9092 ]
Extracted:  [ 13 / 9092 ]
Extracted:  [ 14 / 9092 ]
Extracted:  [ 15 / 9092 ]
Extracted:  [ 16 / 9092 ]
Extracted:  [ 17 / 9092 ]
Extracted:  [ 18 / 9092 ]
Extracted:  [ 19 / 9092 ]
Extracted:  [ 20 / 9092 ]
Extracted:  [ 21 / 9092 ]
Extracted:  [ 22 / 9092 ]
Extracted:  [ 23 / 9092 ]
Extracted:  [ 24 / 9092 ]
Extracted:  [ 25 / 9092 ]
Extracted:  [ 26 / 9092 ]
Extracted:  [ 27 / 9092 ]
Extracted:  [ 28 / 9092 ]
Extracted:  [ 29 / 9092 ]
Extracted:  [ 30 / 9092 ]
Extracted:  [ 31 / 9092 ]
Extracted:  [ 32 / 9092 ]
Extracted:  [ 33 / 9092 ]
Extracted:  [ 34 / 9092 ]
Extracted:  [ 35 / 9092 ]
Extracted:  [ 36 / 9092 ]
Extracted:  [ 37 / 9092 ]
Extracted:  [ 38 / 9092 ]
Extracted:  [ 39 / 9092 ]
Extracted:  [ 40 / 9092 ]
Extracted:  [ 41 / 9092 ]
Extracted:  [ 42 / 9092 ]
Extracted:  [ 43 / 9092 ]
Extracted:  [ 44 / 9092 ]
Extracted:  [ 45 / 9092 ]
Extracted:  [ 46 / 9092 ]
Extracted:  [ 47 / 9092 ]
Extracted:  [ 48 / 9092 ]
Extracted:  [ 49 / 9092 ]
Extracted:  [ 50 / 9092 ]
Extracted:  [ 51 / 9092 ]
Extracted:  [ 52 / 9092 ]
Extracted:  [ 53 / 9092 ]
Extracted:  [ 54 / 9092 ]
Extracted:  [ 55 / 9092 ]
Extracted:  [ 56 / 9092 ]
Extracted:  [ 57 / 9092 ]
Extracted:  [ 58 / 9092 ]
Extracted:  [ 59 / 9092 ]
Extracted:  [ 60 / 9092 ]
Extracted:  [ 61 / 9092 ]
Extracted:  [ 62 / 9092 ]
Extracted:  [ 63 / 9092 ]
Extracted:  [ 64 / 9092 ]
Extracted:  [ 65 / 9092 ]
Extracted:  [ 66 / 9092 ]
Extracted:  [ 67 / 9092 ]
Extracted:  [ 68 / 9092 ]
Extracted:  [ 69 / 9092 ]
Extracted:  [ 70 / 9092 ]
Extracted:  [ 71 / 9092 ]
Extracted:  [ 72 / 9092 ]
Extracted:  [ 73 / 9092 ]
Extracted:  [ 74 / 9092 ]
Extracted:  [ 75 / 9092 ]
Extracted:  [ 76 / 9092 ]
Extracted:  [ 77 / 9092 ]
Extracted:  [ 78 / 9092 ]
Extracted:  [ 79 / 9092 ]
Extracted:  [ 80 / 9092 ]
Extracted:  [ 81 / 9092 ]
Extracted:  [ 82 / 9092 ]
Extracted:  [ 83 / 9092 ]
Extracted:  [ 84 / 9092 ]
Extracted:  [ 85 / 9092 ]
Extracted:  [ 86 / 9092 ]
Extracted:  [ 87 / 9092 ]
Extracted:  [ 88 / 9092 ]
Extracted:  [ 89 / 9092 ]
Extracted:  [ 90 / 9092 ]
Extracted:  [ 91 / 9092 ]
Extracted:  [ 92 / 9092 ]
Extracted:  [ 93 / 9092 ]
Extracted:  [ 94 / 9092 ]
Extracted:  [ 95 / 9092 ]
Extracted:  [ 96 / 9092 ]
Extracted:  [ 97 / 9092 ]
Extracted:  [ 98 / 9092 ]
Extracted:  [ 99 / 9092 ]
Extracted:  [ 100 / 9092 ]
Extracted:  [ 101 / 9092 ]
Extracted:  [ 102 / 9092 ]
Extracted:  [ 103 / 9092 ]
Extracted:  [ 104 / 9092 ]
Extracted:  [ 105 / 9092 ]
Extracted:  [ 106 / 9092 ]
Extracted:  [ 107 / 9092 ]
Extracted:  [ 108 / 9092 ]
Extracted:  [ 109 / 9092 ]
Extracted:  [ 110 / 9092 ]
Extracted:  [ 111 / 9092 ]
Extracted:  [ 112 / 9092 ]
Extracted:  [ 113 / 9092 ]
Extracted:  [ 114 / 9092 ]
Extracted:  [ 115 / 9092 ]
Extracted:  [ 116 / 9092 ]
Extracted:  [ 117 / 9092 ]
Extracted:  [ 118 / 9092 ]
Extracted:  [ 119 / 9092 ]
Extracted:  [ 120 / 9092 ]
Extracted:  [ 121 / 9092 ]
Extracted:  [ 122 / 9092 ]
Extracted:  [ 123 / 9092 ]
Extracted:  [ 124 / 9092 ]
Extracted:  [ 125 / 9092 ]
Extracted:  [ 126 / 9092 ]
Extracted:  [ 127 / 9092 ]
Extracted:  [ 128 / 9092 ]
Extracted:  [ 129 / 9092 ]
Extracted:  [ 130 / 9092 ]
Extracted:  [ 131 / 9092 ]
Extracted:  [ 132 / 9092 ]
Extracted:  [ 133 / 9092 ]
Extracted:  [ 134 / 9092 ]
Extracted:  [ 135 / 9092 ]
Extracted:  [ 136 / 9092 ]
Extracted:  [ 137 / 9092 ]
Extracted:  [ 138 / 9092 ]
Extracted:  [ 139 / 9092 ]
Extracted:  [ 140 / 9092 ]
Extracted:  [ 141 / 9092 ]
Extracted:  [ 142 / 9092 ]
Extracted:  [ 143 / 9092 ]
Extracted:  [ 144 / 9092 ]
Extracted:  [ 145 / 9092 ]
Extracted:  [ 146 / 9092 ]
Extracted:  [ 147 / 9092 ]
Extracted:  [ 148 / 9092 ]
Extracted:  [ 149 / 9092 ]
Extracted:  [ 150 / 9092 ]
Extracted:  [ 151 / 9092 ]
Extracted:  [ 152 / 9092 ]
Extracted:  [ 153 / 9092 ]
Extracted:  [ 154 / 9092 ]
Extracted:  [ 155 / 9092 ]
Extracted:  [ 156 / 9092 ]
Extracted:  [ 157 / 9092 ]
Extracted:  [ 158 / 9092 ]
Extracted:  [ 159 / 9092 ]
Extracted:  [ 160 / 9092 ]
Extracted:  [ 161 / 9092 ]
Extracted:  [ 162 / 9092 ]
Extracted:  [ 163 / 9092 ]
Extracted:  [ 164 / 9092 ]
Extracted:  [ 165 / 9092 ]
Extracted:  [ 166 / 9092 ]
Extracted:  [ 167 / 9092 ]
Extracted:  [ 168 / 9092 ]
Extracted:  [ 169 / 9092 ]
Extracted:  [ 170 / 9092 ]
Extracted:  [ 171 / 9092 ]
Extracted:  [ 172 / 9092 ]
Extracted:  [ 173 / 9092 ]
Extracted:  [ 174 / 9092 ]
Extracted:  [ 175 / 9092 ]
Extracted:  [ 176 / 9092 ]
Extracted:  [ 177 / 9092 ]
Extracted:  [ 178 / 9092 ]
Extracted:  [ 179 / 9092 ]
Extracted:  [ 180 / 9092 ]
Extracted:  [ 181 / 9092 ]
Extracted:  [ 182 / 9092 ]
Extracted:  [ 183 / 9092 ]
Extracted:  [ 184 / 9092 ]
Extracted:  [ 185 / 9092 ]
Extracted:  [ 186 / 9092 ]
Extracted:  [ 187 / 9092 ]
Extracted:  [ 188 / 9092 ]
Extracted:  [ 189 / 9092 ]
Extracted:  [ 190 / 9092 ]
Extracted:  [ 191 / 9092 ]
Extracted:  [ 192 / 9092 ]
Extracted:  [ 193 / 9092 ]
Extracted:  [ 194 / 9092 ]
Extracted:  [ 195 / 9092 ]
Extracted:  [ 196 / 9092 ]
Extracted:  [ 197 / 9092 ]
Extracted:  [ 198 / 9092 ]
Extracted:  [ 199 / 9092 ]
Extracted:  [ 200 / 9092 ]
Extracted:  [ 201 / 9092 ]
Extracted:  [ 202 / 9092 ]
Extracted:  [ 203 / 9092 ]
Extracted:  [ 204 / 9092 ]
Extracted:  [ 205 / 9092 ]
Extracted:  [ 206 / 9092 ]
Extracted:  [ 207 / 9092 ]
Extracted:  [ 208 / 9092 ]
Extracted:  [ 209 / 9092 ]
Extracted:  [ 210 / 9092 ]
Extracted:  [ 211 / 9092 ]
Extracted:  [ 212 / 9092 ]
Extracted:  [ 213 / 9092 ]
Extracted:  [ 214 / 9092 ]
Extracted:  [ 215 / 9092 ]
Extracted:  [ 216 / 9092 ]
Extracted:  [ 217 / 9092 ]
Extracted:  [ 218 / 9092 ]
Extracted:  [ 219 / 9092 ]
Extracted:  [ 220 / 9092 ]
Extracted:  [ 221 / 9092 ]
Extracted:  [ 222 / 9092 ]
Extracted:  [ 223 / 9092 ]
Extracted:  [ 224 / 9092 ]
Extracted:  [ 225 / 9092 ]
Extracted:  [ 226 / 9092 ]
Extracted:  [ 227 / 9092 ]
Extracted:  [ 228 / 9092 ]
Extracted:  [ 229 / 9092 ]
Extracted:  [ 230 / 9092 ]
Extracted:  [ 231 / 9092 ]
Extracted:  [ 232 / 9092 ]
Extracted:  [ 233 / 9092 ]
Extracted:  [ 234 / 9092 ]
Extracted:  [ 235 / 9092 ]
Extracted:  [ 236 / 9092 ]
Extracted:  [ 237 / 9092 ]
Extracted:  [ 238 / 9092 ]
Extracted:  [ 239 / 9092 ]
Extracted:  [ 240 / 9092 ]
Extracted:  [ 241 / 9092 ]
Extracted:  [ 242 / 9092 ]
Extracted:  [ 243 / 9092 ]
Extracted:  [ 244 / 9092 ]
Extracted:  [ 245 / 9092 ]
Extracted:  [ 246 / 9092 ]
Extracted:  [ 247 / 9092 ]
Extracted:  [ 248 / 9092 ]
Extracted:  [ 249 / 9092 ]
Extracted:  [ 250 / 9092 ]
Extracted:  [ 251 / 9092 ]
Skipping group ('1026', 'SP', 'PRE', '2', 'Balance', 'Stable', 'Open') due to error: list index out of range
Extracted:  [ 252 / 9092 ]
Extracted:  [ 253 / 9092 ]
Extracted:  [ 254 / 9092 ]
Extracted:  [ 255 / 9092 ]
Extracted:  [ 256 / 9092 ]
Extracted:  [ 257 / 9092 ]
Extracted:  [ 258 / 9092 ]
Extracted:  [ 259 / 9092 ]
Extracted:  [ 260 / 9092 ]
Extracted:  [ 261 / 9092 ]
Extracted:  [ 262 / 9092 ]
Extracted:  [ 263 / 9092 ]
Extracted:  [ 264 / 9092 ]
Extracted:  [ 265 / 9092 ]
Extracted:  [ 266 / 9092 ]
Extracted:  [ 267 / 9092 ]
Extracted:  [ 268 / 9092 ]
Extracted:  [ 269 / 9092 ]
Extracted:  [ 270 / 9092 ]
Extracted:  [ 271 / 9092 ]
Extracted:  [ 272 / 9092 ]
Extracted:  [ 273 / 9092 ]
Extracted:  [ 274 / 9092 ]
Extracted:  [ 275 / 9092 ]
Extracted:  [ 276 / 9092 ]
Extracted:  [ 277 / 9092 ]
Extracted:  [ 278 / 9092 ]
