nohup: ignoring input
Process: 1008_MP_POST_BSC1.bsf: [0001 / 0991 %]
Process: 1008_MP_POST_BSC2.bsf: [0002 / 0991 %]
Process: 1008_MP_POST_BSO1.bsf: [0003 / 0991 %]
Process: 1008_MP_POST_BSO2.bsf: [0004 / 0991 %]
Process: 1008_MP_POST_BUC1.bsf: [0005 / 0991 %]
Process: 1008_MP_POST_BUC2.bsf: [0006 / 0991 %]
Process: 1008_MP_POST_BUO1.bsf: [0007 / 0991 %]
Process: 1008_MP_POST_BUO2.bsf: [0008 / 0991 %]
Process: 1008_MP_PRE_BSC1.bsf: [0009 / 0991 %]
Process: 1008_MP_PRE_BSC2.bsf: [0010 / 0991 %]
Process: 1008_MP_PRE_BSO1.bsf: [0011 / 0991 %]
Process: 1008_MP_PRE_BSO2.bsf: [0012 / 0991 %]
Process: 1008_MP_PRE_BUC1.bsf: [0013 / 0991 %]
Process: 1008_MP_PRE_BUC2.bsf: [0014 / 0991 %]
Process: 1008_MP_PRE_BUO1.bsf: [0015 / 0991 %]
Process: 1008_MP_PRE_BUO2.bsf: [0016 / 0991 %]
Process: 1026_MP_POST_BSC1.bsf: [0017 / 0991 %]
Process: 1026_MP_POST_BSC2.bsf: [0018 / 0991 %]
Process: 1026_MP_POST_BSO1.bsf: [0019 / 0991 %]
Process: 1026_MP_POST_BSO2.bsf: [0020 / 0991 %]
Process: 1026_MP_POST_BUC1.bsf: [0021 / 0991 %]
Process: 1026_MP_POST_BUC2.bsf: [0022 / 0991 %]
Process: 1026_MP_POST_BUO1.bsf: [0023 / 0991 %]
Process: 1026_MP_POST_BUO2.bsf: [0024 / 0991 %]
Process: 1026_MP_PRE_BSC1.bsf: [0025 / 0991 %]
Process: 1026_MP_PRE_BSC2.bsf: [0026 / 0991 %]
Process: 1026_MP_PRE_BSO1.bsf: [0027 / 0991 %]
Process: 1026_MP_PRE_BSO2.bsf: [0028 / 0991 %]
Process: 1026_MP_PRE_BUC1.bsf: [0029 / 0991 %]
Process: 1026_MP_PRE_BUC2.bsf: [0030 / 0991 %]
Process: 1026_MP_PRE_BUO1.bsf: [0031 / 0991 %]
Process: 1026_MP_PRE_BUO2.bsf: [0032 / 0991 %]
Process: 1048_MP_POST_BSC1.bsf: [0033 / 0991 %]
Process: 1048_MP_POST_BSC2.bsf: [0034 / 0991 %]
Process: 1048_MP_POST_BSO1.bsf: [0035 / 0991 %]
Process: 1048_MP_POST_BSO2.bsf: [0036 / 0991 %]
Process: 1048_MP_POST_BUC1.bsf: [0037 / 0991 %]
Process: 1048_MP_POST_BUC2.bsf: [0038 / 0991 %]
Process: 1048_MP_POST_BUO1.bsf: [0039 / 0991 %]
Process: 1048_MP_POST_BUO2.bsf: [0040 / 0991 %]
Process: 1048_MP_PRE_BSC1.bsf: [0041 / 0991 %]
Process: 1048_MP_PRE_BSC2.bsf: [0042 / 0991 %]
Process: 1048_MP_PRE_BSO1.bsf: [0043 / 0991 %]
Process: 1048_MP_PRE_BSO2.bsf: [0044 / 0991 %]
Process: 1048_MP_PRE_BUC1.bsf: [0045 / 0991 %]
Process: 1048_MP_PRE_BUC2.bsf: [0046 / 0991 %]
Process: 1048_MP_PRE_BUO1.bsf: [0047 / 0991 %]
Process: 1048_MP_PRE_BUO2.bsf: [0048 / 0991 %]
Process: 110_MP_POST_BSC1.bsf: [0049 / 0991 %]
Process: 110_MP_POST_BSC2.bsf: [0050 / 0991 %]
Process: 110_MP_POST_BSO1.bsf: [0051 / 0991 %]
Process: 110_MP_POST_BSO2.bsf: [0052 / 0991 %]
Process: 110_MP_POST_BUC1.bsf: [0053 / 0991 %]
Process: 110_MP_POST_BUC2.bsf: [0054 / 0991 %]
Process: 110_MP_POST_BUO1.bsf: [0055 / 0991 %]
Process: 110_MP_POST_BUO2.bsf: [0056 / 0991 %]
Process: 110_MP_PRE_BSC1.bsf: [0057 / 0991 %]
Process: 110_MP_PRE_BSC2.bsf: [0058 / 0991 %]
Process: 110_MP_PRE_BSO1.bsf: [0059 / 0991 %]
Process: 110_MP_PRE_BSO2.bsf: [0060 / 0991 %]
Process: 110_MP_PRE_BUC1.bsf: [0061 / 0991 %]
Process: 110_MP_PRE_BUC2.bsf: [0062 / 0991 %]
Process: 110_MP_PRE_BUO1.bsf: [0063 / 0991 %]
Process: 110_MP_PRE_BUO2.bsf: [0064 / 0991 %]
Process: 113_MP_POST_BSC1.bsf: [0065 / 0991 %]
Process: 113_MP_POST_BSC2.bsf: [0066 / 0991 %]
Process: 113_MP_POST_BSO1.bsf: [0067 / 0991 %]
Process: 113_MP_POST_BSO2.bsf: [0068 / 0991 %]
Process: 113_MP_POST_BUC1.bsf: [0069 / 0991 %]
Process: 113_MP_POST_BUC2.bsf: [0070 / 0991 %]
Process: 113_MP_POST_BUO1.bsf: [0071 / 0991 %]
Process: 113_MP_POST_BUO2.bsf: [0072 / 0991 %]
Process: 113_MP_PRE_BSC1.bsf: [0073 / 0991 %]
Process: 113_MP_PRE_BSC2.bsf: [0074 / 0991 %]
Process: 113_MP_PRE_BSO1.bsf: [0075 / 0991 %]
Process: 113_MP_PRE_BSO2.bsf: [0076 / 0991 %]
Process: 113_MP_PRE_BUC1.bsf: [0077 / 0991 %]
Process: 113_MP_PRE_BUC2.bsf: [0078 / 0991 %]
Process: 113_MP_PRE_BUO1.bsf: [0079 / 0991 %]
Process: 113_MP_PRE_BUO2.bsf: [0080 / 0991 %]
Process: 1150_MP_POST_BSC1.bsf: [0081 / 0991 %]
Process: 1150_MP_POST_BSC2.bsf: [0082 / 0991 %]
Process: 1150_MP_POST_BSO1.bsf: [0083 / 0991 %]
Process: 1150_MP_POST_BSO2.bsf: [0084 / 0991 %]
Process: 1150_MP_POST_BUC1.bsf: [0085 / 0991 %]
Process: 1150_MP_POST_BUC2.bsf: [0086 / 0991 %]
Process: 1150_MP_POST_BUO1.bsf: [0087 / 0991 %]
Process: 1150_MP_POST_BUO2.bsf: [0088 / 0991 %]
Process: 1150_MP_PRE_BSC1.bsf: [0089 / 0991 %]
Process: 1150_MP_PRE_BSC2.bsf: [0090 / 0991 %]
Process: 1150_MP_PRE_BSO1.bsf: [0091 / 0991 %]
Process: 1150_MP_PRE_BSO2.bsf: [0092 / 0991 %]
Process: 1150_MP_PRE_BUC1.bsf: [0093 / 0991 %]
Process: 1150_MP_PRE_BUC2.bsf: [0094 / 0991 %]
Process: 1150_MP_PRE_BUO1.bsf: [0095 / 0991 %]
Process: 1150_MP_PRE_BUO2.bsf: [0096 / 0991 %]
Process: 1153_MP_POST_BSC1.bsf: [0097 / 0991 %]
Process: 1153_MP_POST_BSC2.bsf: [0098 / 0991 %]
Process: 1153_MP_POST_BSO1.bsf: [0099 / 0991 %]
Process: 1153_MP_POST_BSO2.bsf: [0100 / 0991 %]
Process: 1153_MP_POST_BUC1.bsf: [0101 / 0991 %]
Process: 1153_MP_POST_BUC2.bsf: [0102 / 0991 %]
Process: 1153_MP_POST_BUO1.bsf: [0103 / 0991 %]
Process: 1153_MP_POST_BUO2.bsf: [0104 / 0991 %]
Process: 1153_MP_PRE_BSC1.bsf: [0105 / 0991 %]
Process: 1153_MP_PRE_BSC2.bsf: [0106 / 0991 %]
Process: 1153_MP_PRE_BSO1.bsf: [0107 / 0991 %]
Process: 1153_MP_PRE_BSO2.bsf: [0108 / 0991 %]
Process: 1153_MP_PRE_BUC1.bsf: [0109 / 0991 %]
Process: 1153_MP_PRE_BUC2.bsf: [0110 / 0991 %]
Process: 1153_MP_PRE_BUO1.bsf: [0111 / 0991 %]
Process: 1153_MP_PRE_BUO2.bsf: [0112 / 0991 %]
Process: 1159_MP_POST_BSC1.bsf: [0113 / 0991 %]
Process: 1159_MP_POST_BSC2.bsf: [0114 / 0991 %]
Process: 1159_MP_POST_BSO1.bsf: [0115 / 0991 %]
Process: 1159_MP_POST_BSO2.bsf: [0116 / 0991 %]
Process: 1159_MP_POST_BUC1.bsf: [0117 / 0991 %]
Process: 1159_MP_POST_BUC2.bsf: [0118 / 0991 %]
Process: 1159_MP_POST_BUO1.bsf: [0119 / 0991 %]
Process: 1159_MP_POST_BUO2.bsf: [0120 / 0991 %]
Process: 1159_MP_PRE_BSC1.bsf: [0121 / 0991 %]
Process: 1159_MP_PRE_BSC2.bsf: [0122 / 0991 %]
Process: 1159_MP_PRE_BSO1.bsf: [0123 / 0991 %]
Process: 1159_MP_PRE_BSO2.bsf: [0124 / 0991 %]
Process: 1159_MP_PRE_BUC1.bsf: [0125 / 0991 %]
Process: 1159_MP_PRE_BUC2.bsf: [0126 / 0991 %]
Process: 1159_MP_PRE_BUO1.bsf: [0127 / 0991 %]
Process: 1159_MP_PRE_BUO2.bsf: [0128 / 0991 %]
Process: 1168_MP_POST_BSC1.bsf: [0129 / 0991 %]
Process: 1168_MP_POST_BSC2.bsf: [0130 / 0991 %]
Process: 1168_MP_POST_BSO1.bsf: [0131 / 0991 %]
Process: 1168_MP_POST_BSO2.bsf: [0132 / 0991 %]
Process: 1168_MP_POST_BUC1.bsf: [0133 / 0991 %]
Process: 1168_MP_POST_BUC2.bsf: [0134 / 0991 %]
Process: 1168_MP_POST_BUO1.bsf: [0135 / 0991 %]
Process: 1168_MP_POST_BUO2.bsf: [0136 / 0991 %]
Process: 1168_MP_PRE_BSC1.bsf: [0137 / 0991 %]
Process: 1168_MP_PRE_BSC2.bsf: [0138 / 0991 %]
Process: 1168_MP_PRE_BSO1.bsf: [0139 / 0991 %]
Process: 1168_MP_PRE_BSO2.bsf: [0140 / 0991 %]
Process: 1168_MP_PRE_BUC1.bsf: [0141 / 0991 %]
Process: 1168_MP_PRE_BUC2.bsf: [0142 / 0991 %]
Process: 1168_MP_PRE_BUO1.bsf: [0143 / 0991 %]
Process: 1168_MP_PRE_BUO2.bsf: [0144 / 0991 %]
Process: 1172_MP_POST_BSC1.bsf: [0145 / 0991 %]
Process: 1172_MP_POST_BSC2.bsf: [0146 / 0991 %]
Process: 1172_MP_POST_BSO1.bsf: [0147 / 0991 %]
Process: 1172_MP_POST_BSO2.bsf: [0148 / 0991 %]
Process: 1172_MP_POST_BUC1.bsf: [0149 / 0991 %]
Process: 1172_MP_POST_BUC2.bsf: [0150 / 0991 %]
Process: 1172_MP_POST_BUO1.bsf: [0151 / 0991 %]
Process: 1172_MP_POST_BUO2.bsf: [0152 / 0991 %]
Process: 1172_MP_PRE_BSC1.bsf: [0153 / 0991 %]
Process: 1172_MP_PRE_BSC2.bsf: [0154 / 0991 %]
Process: 1172_MP_PRE_BSO1.bsf: [0155 / 0991 %]
Process: 1172_MP_PRE_BSO2.bsf: [0156 / 0991 %]
Process: 1172_MP_PRE_BUC1.bsf: [0157 / 0991 %]
Process: 1172_MP_PRE_BUC2.bsf: [0158 / 0991 %]
Process: 1172_MP_PRE_BUO1.bsf: [0159 / 0991 %]
Process: 1172_MP_PRE_BUO2.bsf: [0160 / 0991 %]
Process: 1197_MP_POST_BSC1.bsf: [0161 / 0991 %]
Process: 1197_MP_POST_BSC2.bsf: [0162 / 0991 %]
Process: 1197_MP_POST_BSO1.bsf: [0163 / 0991 %]
Process: 1197_MP_POST_BSO2.bsf: [0164 / 0991 %]
Process: 1197_MP_POST_BUC1.bsf: [0165 / 0991 %]
Process: 1197_MP_POST_BUC2.bsf: [0166 / 0991 %]
Process: 1197_MP_POST_BUO1.bsf: [0167 / 0991 %]
Process: 1197_MP_POST_BUO2.bsf: [0168 / 0991 %]
Process: 1197_MP_PRE_BSC1.bsf: [0169 / 0991 %]
Process: 1197_MP_PRE_BSC2.bsf: [0170 / 0991 %]
Process: 1197_MP_PRE_BSO1.bsf: [0171 / 0991 %]
Process: 1197_MP_PRE_BSO2.bsf: [0172 / 0991 %]
Process: 1197_MP_PRE_BUC1.bsf: [0173 / 0991 %]
Process: 1197_MP_PRE_BUC2.bsf: [0174 / 0991 %]
Process: 1197_MP_PRE_BUO1.bsf: [0175 / 0991 %]
Process: 1197_MP_PRE_BUO2.bsf: [0176 / 0991 %]
Process: 1245_MP_POST_BSC1.bsf: [0177 / 0991 %]
Process: 1245_MP_POST_BSC2.bsf: [0178 / 0991 %]
Process: 1245_MP_POST_BSO1.bsf: [0179 / 0991 %]
Process: 1245_MP_POST_BSO2.bsf: [0180 / 0991 %]
Process: 1245_MP_POST_BUC1.bsf: [0181 / 0991 %]
Process: 1245_MP_POST_BUC2.bsf: [0182 / 0991 %]
Process: 1245_MP_POST_BUO1.bsf: [0183 / 0991 %]
Process: 1245_MP_POST_BUO2.bsf: [0184 / 0991 %]
Process: 1245_MP_PRE_BSC1.bsf: [0185 / 0991 %]
Process: 1245_MP_PRE_BSC2.bsf: [0186 / 0991 %]
Process: 1245_MP_PRE_BSO1.bsf: [0187 / 0991 %]
Process: 1245_MP_PRE_BSO2.bsf: [0188 / 0991 %]
Process: 1245_MP_PRE_BUC1.bsf: [0189 / 0991 %]
Process: 1245_MP_PRE_BUC2.bsf: [0190 / 0991 %]
Process: 1245_MP_PRE_BUO1.bsf: [0191 / 0991 %]
Process: 1245_MP_PRE_BUO2.bsf: [0192 / 0991 %]
Process: 1248_MP_POST_BSC1.bsf: [0193 / 0991 %]
Process: 1248_MP_POST_BSC2.bsf: [0194 / 0991 %]
Process: 1248_MP_POST_BSO1.bsf: [0195 / 0991 %]
Process: 1248_MP_POST_BSO2.bsf: [0196 / 0991 %]
Process: 1248_MP_POST_BUC1.bsf: [0197 / 0991 %]
Process: 1248_MP_POST_BUC2.bsf: [0198 / 0991 %]
Process: 1248_MP_POST_BUO1.bsf: [0199 / 0991 %]
Process: 1248_MP_POST_BUO2.bsf: [0200 / 0991 %]
Process: 1248_MP_PRE_BSC1.bsf: [0201 / 0991 %]
Process: 1248_MP_PRE_BSC2.bsf: [0202 / 0991 %]
Process: 1248_MP_PRE_BSO1.bsf: [0203 / 0991 %]
Process: 1248_MP_PRE_BSO2.bsf: [0204 / 0991 %]
Process: 1248_MP_PRE_BUC1.bsf: [0205 / 0991 %]
Process: 1248_MP_PRE_BUC2.bsf: [0206 / 0991 %]
Process: 1248_MP_PRE_BUO1.bsf: [0207 / 0991 %]
Process: 1248_MP_PRE_BUO2.bsf: [0208 / 0991 %]
Process: 1250_MP_POST_BSC1.bsf: [0209 / 0991 %]
Process: 1250_MP_POST_BSC2.bsf: [0210 / 0991 %]
Process: 1250_MP_POST_BSO1.bsf: [0211 / 0991 %]
Process: 1250_MP_POST_BSO2.bsf: [0212 / 0991 %]
Process: 1250_MP_POST_BUC1.bsf: [0213 / 0991 %]
Process: 1250_MP_POST_BUC2.bsf: [0214 / 0991 %]
Process: 1250_MP_POST_BUO1.bsf: [0215 / 0991 %]
Process: 1250_MP_POST_BUO2.bsf: [0216 / 0991 %]
Process: 1250_MP_PRE_BSC1.bsf: [0217 / 0991 %]
Process: 1250_MP_PRE_BSC2.bsf: [0218 / 0991 %]
Process: 1250_MP_PRE_BSO1.bsf: [0219 / 0991 %]
Process: 1250_MP_PRE_BSO2.bsf: [0220 / 0991 %]
Process: 1250_MP_PRE_BUC1.bsf: [0221 / 0991 %]
Process: 1250_MP_PRE_BUC2.bsf: [0222 / 0991 %]
Process: 1250_MP_PRE_BUO1.bsf: [0223 / 0991 %]
Process: 1250_MP_PRE_BUO2.bsf: [0224 / 0991 %]
Process: 1309_MP_POST_BSC1.bsf: [0225 / 0991 %]
Process: 1309_MP_POST_BSC2.bsf: [0226 / 0991 %]
Process: 1309_MP_POST_BSO1.bsf: [0227 / 0991 %]
Process: 1309_MP_POST_BSO2.bsf: [0228 / 0991 %]
Process: 1309_MP_POST_BUC1.bsf: [0229 / 0991 %]
Process: 1309_MP_POST_BUC2.bsf: [0230 / 0991 %]
Process: 1309_MP_POST_BUO1.bsf: [0231 / 0991 %]
Process: 1309_MP_POST_BUO2.bsf: [0232 / 0991 %]
Process: 1309_MP_PRE_BSC1.bsf: [0233 / 0991 %]
Process: 1309_MP_PRE_BSC2.bsf: [0234 / 0991 %]
Process: 1309_MP_PRE_BSO1.bsf: [0235 / 0991 %]
Process: 1309_MP_PRE_BSO2.bsf: [0236 / 0991 %]
Process: 1309_MP_PRE_BUC1.bsf: [0237 / 0991 %]
Process: 1309_MP_PRE_BUC2.bsf: [0238 / 0991 %]
Process: 1309_MP_PRE_BUO1.bsf: [0239 / 0991 %]
Process: 1309_MP_PRE_BUO2.bsf: [0240 / 0991 %]
Process: 1325_MP_POST_BSC1.bsf: [0241 / 0991 %]
Process: 1325_MP_POST_BSC2.bsf: [0242 / 0991 %]
Process: 1325_MP_POST_BSO1.bsf: [0243 / 0991 %]
Process: 1325_MP_POST_BSO2.bsf: [0244 / 0991 %]
Process: 1325_MP_POST_BUC1.bsf: [0245 / 0991 %]
Process: 1325_MP_POST_BUC2.bsf: [0246 / 0991 %]
Process: 1325_MP_POST_BUO1.bsf: [0247 / 0991 %]
Process: 1325_MP_POST_BUO2.bsf: [0248 / 0991 %]
Process: 1325_MP_PRE_BSC1.bsf: [0249 / 0991 %]
Process: 1325_MP_PRE_BSC2.bsf: [0250 / 0991 %]
Process: 1325_MP_PRE_BSO1.bsf: [0251 / 0991 %]
Process: 1325_MP_PRE_BSO2.bsf: [0252 / 0991 %]
Process: 1325_MP_PRE_BUC1.bsf: [0253 / 0991 %]
Process: 1325_MP_PRE_BUC2.bsf: [0254 / 0991 %]
Process: 1325_MP_PRE_BUO1.bsf: [0255 / 0991 %]
Process: 1325_MP_PRE_BUO2.bsf: [0256 / 0991 %]
Process: 1328_MP_POST_BSC1.bsf: [0257 / 0991 %]
Process: 1328_MP_POST_BSC2.bsf: [0258 / 0991 %]
Process: 1328_MP_POST_BSO1.bsf: [0259 / 0991 %]
Process: 1328_MP_POST_BSO2.bsf: [0260 / 0991 %]
Process: 1328_MP_POST_BUC1.bsf: [0261 / 0991 %]
Process: 1328_MP_POST_BUC2.bsf: [0262 / 0991 %]
Process: 1328_MP_POST_BUO1.bsf: [0263 / 0991 %]
Process: 1328_MP_POST_BUO2.bsf: [0264 / 0991 %]
Process: 1328_MP_PRE_BSC1.bsf: [0265 / 0991 %]
Process: 1328_MP_PRE_BSC2.bsf: [0266 / 0991 %]
Process: 1328_MP_PRE_BSO1.bsf: [0267 / 0991 %]
Process: 1328_MP_PRE_BSO2.bsf: [0268 / 0991 %]
Process: 1328_MP_PRE_BUC1.bsf: [0269 / 0991 %]
Process: 1328_MP_PRE_BUC2.bsf: [0270 / 0991 %]
Process: 1328_MP_PRE_BUO1.bsf: [0271 / 0991 %]
Process: 1328_MP_PRE_BUO2.bsf: [0272 / 0991 %]
Process: 133_MP_POST_BSC1.bsf: [0273 / 0991 %]
Process: 133_MP_POST_BSC2.bsf: [0274 / 0991 %]
Process: 133_MP_POST_BSO1.bsf: [0275 / 0991 %]
Process: 133_MP_POST_BSO2.bsf: [0276 / 0991 %]
Process: 133_MP_POST_BUC1.bsf: [0277 / 0991 %]
Process: 133_MP_POST_BUC2.bsf: [0278 / 0991 %]
Process: 133_MP_POST_BUO1.bsf: [0279 / 0991 %]
Process: 133_MP_POST_BUO2.bsf: [0280 / 0991 %]
Process: 133_MP_PRE_BSC1.bsf: [0281 / 0991 %]
Process: 133_MP_PRE_BSC2.bsf: [0282 / 0991 %]
Process: 133_MP_PRE_BSO1.bsf: [0283 / 0991 %]
Process: 133_MP_PRE_BSO2.bsf: [0284 / 0991 %]
Process: 133_MP_PRE_BUC1.bsf: [0285 / 0991 %]
Process: 133_MP_PRE_BUC2.bsf: [0286 / 0991 %]
Process: 133_MP_PRE_BUO1.bsf: [0287 / 0991 %]
Process: 133_MP_PRE_BUO2.bsf: [0288 / 0991 %]
Process: 1351_MP_POST_BSC1.bsf: [0289 / 0991 %]
Process: 1351_MP_POST_BSC2.bsf: [0290 / 0991 %]
Process: 1351_MP_POST_BSO1.bsf: [0291 / 0991 %]
Process: 1351_MP_POST_BSO2.bsf: [0292 / 0991 %]
Process: 1351_MP_POST_BUC1.bsf: [0293 / 0991 %]
Process: 1351_MP_POST_BUC2.bsf: [0294 / 0991 %]
Process: 1351_MP_POST_BUO1.bsf: [0295 / 0991 %]
Process: 1351_MP_POST_BUO2.bsf: [0296 / 0991 %]
Process: 1351_MP_PRE_BSC1.bsf: [0297 / 0991 %]
Process: 1351_MP_PRE_BSC2.bsf: [0298 / 0991 %]
Process: 1351_MP_PRE_BSO1.bsf: [0299 / 0991 %]
Process: 1351_MP_PRE_BSO2.bsf: [0300 / 0991 %]
Process: 1351_MP_PRE_BUC1.bsf: [0301 / 0991 %]
Process: 1351_MP_PRE_BUC2.bsf: [0302 / 0991 %]
Process: 1351_MP_PRE_BUO1.bsf: [0303 / 0991 %]
Process: 1351_MP_PRE_BUO2.bsf: [0304 / 0991 %]
Process: 135_MP_POST_BSC1.bsf: [0305 / 0991 %]
Process: 135_MP_POST_BSC2.bsf: [0306 / 0991 %]
Process: 135_MP_POST_BSO1.bsf: [0307 / 0991 %]
Process: 135_MP_POST_BSO2.bsf: [0308 / 0991 %]
Process: 135_MP_POST_BUC1.bsf: [0309 / 0991 %]
Process: 135_MP_POST_BUC2.bsf: [0310 / 0991 %]
Process: 135_MP_POST_BUO1.bsf: [0311 / 0991 %]
Process: 135_MP_POST_BUO2.bsf: [0312 / 0991 %]
Process: 135_MP_PRE_BSC1.bsf: [0313 / 0991 %]
Process: 135_MP_PRE_BSC2.bsf: [0314 / 0991 %]
Process: 135_MP_PRE_BSO1.bsf: [0315 / 0991 %]
Process: 135_MP_PRE_BSO2.bsf: [0316 / 0991 %]
Process: 135_MP_PRE_BUC1.bsf: [0317 / 0991 %]
Process: 135_MP_PRE_BUC2.bsf: [0318 / 0991 %]
Process: 135_MP_PRE_BUO1.bsf: [0319 / 0991 %]
Process: 135_MP_PRE_BUO2.bsf: [0320 / 0991 %]
Process: 1367_MP_POST_BSC1.bsf: [0321 / 0991 %]
Process: 1367_MP_POST_BSC2.bsf: [0322 / 0991 %]
Process: 1367_MP_POST_BSO1.bsf: [0323 / 0991 %]
Process: 1367_MP_POST_BSO2.bsf: [0324 / 0991 %]
Process: 1367_MP_POST_BUC1.bsf: [0325 / 0991 %]
Process: 1367_MP_POST_BUC2.bsf: [0326 / 0991 %]
Process: 1367_MP_POST_BUO1.bsf: [0327 / 0991 %]
Process: 1367_MP_POST_BUO2.bsf: [0328 / 0991 %]
Process: 1367_MP_PRE_BSC1.bsf: [0329 / 0991 %]
Process: 1367_MP_PRE_BSC2.bsf: [0330 / 0991 %]
Process: 1367_MP_PRE_BSO1.bsf: [0331 / 0991 %]
Process: 1367_MP_PRE_BSO2.bsf: [0332 / 0991 %]
Process: 1367_MP_PRE_BUC1.bsf: [0333 / 0991 %]
Process: 1367_MP_PRE_BUC2.bsf: [0334 / 0991 %]
Process: 1367_MP_PRE_BUO1.bsf: [0335 / 0991 %]
Process: 1367_MP_PRE_BUO2.bsf: [0336 / 0991 %]
Process: 137_MP_POST_BSC1.bsf: [0337 / 0991 %]
Process: 137_MP_POST_BSC2.bsf: [0338 / 0991 %]
Process: 137_MP_POST_BSO1.bsf: [0339 / 0991 %]
Process: 137_MP_POST_BSO2.bsf: [0340 / 0991 %]
Process: 137_MP_POST_BUC1.bsf: [0341 / 0991 %]
Process: 137_MP_POST_BUC2.bsf: [0342 / 0991 %]
Process: 137_MP_POST_BUO1.bsf: [0343 / 0991 %]
Process: 137_MP_POST_BUO2.bsf: [0344 / 0991 %]
Process: 137_MP_PRE_BSC1.bsf: [0345 / 0991 %]
Process: 137_MP_PRE_BSC2.bsf: [0346 / 0991 %]
Process: 137_MP_PRE_BSO1.bsf: [0347 / 0991 %]
Process: 137_MP_PRE_BSO2.bsf: [0348 / 0991 %]
Process: 137_MP_PRE_BUC1.bsf: [0349 / 0991 %]
Process: 137_MP_PRE_BUC2.bsf: [0350 / 0991 %]
Process: 137_MP_PRE_BUO1.bsf: [0351 / 0991 %]
Process: 137_MP_PRE_BUO2.bsf: [0352 / 0991 %]
Process: 1384_MP_POST_BSC1.bsf: [0353 / 0991 %]
Process: 1384_MP_POST_BSC2.bsf: [0354 / 0991 %]
Process: 1384_MP_POST_BSO1.bsf: [0355 / 0991 %]
Process: 1384_MP_POST_BSO2.bsf: [0356 / 0991 %]
Process: 1384_MP_POST_BUC1.bsf: [0357 / 0991 %]
Process: 1384_MP_POST_BUC2.bsf: [0358 / 0991 %]
Process: 1384_MP_POST_BUO1.bsf: [0359 / 0991 %]
Process: 1384_MP_POST_BUO2.bsf: [0360 / 0991 %]
Process: 1384_MP_PRE_BSC1.bsf: [0361 / 0991 %]
Process: 1384_MP_PRE_BSC2.bsf: [0362 / 0991 %]
Process: 1384_MP_PRE_BSO1.bsf: [0363 / 0991 %]
Process: 1384_MP_PRE_BSO2.bsf: [0364 / 0991 %]
Process: 1384_MP_PRE_BUC1.bsf: [0365 / 0991 %]
Process: 1384_MP_PRE_BUC2.bsf: [0366 / 0991 %]
Process: 1384_MP_PRE_BUO1.bsf: [0367 / 0991 %]
Process: 1384_MP_PRE_BUO2.bsf: [0368 / 0991 %]
Process: 1400_MP_POST_BSC1.bsf: [0369 / 0991 %]
Process: 1400_MP_POST_BSC2.bsf: [0370 / 0991 %]
Process: 1400_MP_POST_BSO1.bsf: [0371 / 0991 %]
Process: 1400_MP_POST_BSO2.bsf: [0372 / 0991 %]
Process: 1400_MP_POST_BUC1.bsf: [0373 / 0991 %]
Process: 1400_MP_POST_BUC2.bsf: [0374 / 0991 %]
Process: 1400_MP_POST_BUO1.bsf: [0375 / 0991 %]
Process: 1400_MP_POST_BUO2.bsf: [0376 / 0991 %]
Process: 1400_MP_PRE_BSC1.bsf: [0377 / 0991 %]
Process: 1400_MP_PRE_BSC2.bsf: [0378 / 0991 %]
Process: 1400_MP_PRE_BSO1.bsf: [0379 / 0991 %]
Process: 1400_MP_PRE_BSO2.bsf: [0380 / 0991 %]
Process: 1400_MP_PRE_BUC1.bsf: [0381 / 0991 %]
Process: 1400_MP_PRE_BUC2.bsf: [0382 / 0991 %]
Process: 1400_MP_PRE_BUO1.bsf: [0383 / 0991 %]
Process: 1400_MP_PRE_BUO2.bsf: [0384 / 0991 %]
Process: 1403_MP_POST_BSC1.bsf: [0385 / 0991 %]
Process: 1403_MP_POST_BSC2.bsf: [0386 / 0991 %]
Process: 1403_MP_POST_BSO1.bsf: [0387 / 0991 %]
Process: 1403_MP_POST_BSO2.bsf: [0388 / 0991 %]
Process: 1403_MP_POST_BUC1.bsf: [0389 / 0991 %]
Process: 1403_MP_POST_BUC2.bsf: [0390 / 0991 %]
Process: 1403_MP_POST_BUO1.bsf: [0391 / 0991 %]
Process: 1403_MP_POST_BUO2.bsf: [0392 / 0991 %]
Process: 1403_MP_PRE_BSC1.bsf: [0393 / 0991 %]
Process: 1403_MP_PRE_BSC2.bsf: [0394 / 0991 %]
Process: 1403_MP_PRE_BSO1.bsf: [0395 / 0991 %]
Process: 1403_MP_PRE_BSO2.bsf: [0396 / 0991 %]
Process: 1403_MP_PRE_BUC1.bsf: [0397 / 0991 %]
Process: 1403_MP_PRE_BUC2.bsf: [0398 / 0991 %]
Process: 1403_MP_PRE_BUO1.bsf: [0399 / 0991 %]
Process: 1403_MP_PRE_BUO2.bsf: [0400 / 0991 %]
Process: 141_MP_POST_BSC1.bsf: [0401 / 0991 %]
Process: 141_MP_POST_BSC2.bsf: [0402 / 0991 %]
Process: 141_MP_POST_BSO1.bsf: [0403 / 0991 %]
Process: 141_MP_POST_BSO2.bsf: [0404 / 0991 %]
Process: 141_MP_POST_BUC1.bsf: [0405 / 0991 %]
Process: 141_MP_POST_BUC2.bsf: [0406 / 0991 %]
Process: 141_MP_POST_BUO1.bsf: [0407 / 0991 %]
Process: 141_MP_POST_BUO2.bsf: [0408 / 0991 %]
Process: 141_MP_PRE_BSC1.bsf: [0409 / 0991 %]
Process: 141_MP_PRE_BSC2.bsf: [0410 / 0991 %]
Process: 141_MP_PRE_BSO1.bsf: [0411 / 0991 %]
Process: 141_MP_PRE_BSO2.bsf: [0412 / 0991 %]
Process: 141_MP_PRE_BUC1.bsf: [0413 / 0991 %]
Process: 141_MP_PRE_BUC2.bsf: [0414 / 0991 %]
Process: 141_MP_PRE_BUO1.bsf: [0415 / 0991 %]
Process: 141_MP_PRE_BUO2.bsf: [0416 / 0991 %]
Process: 142_MP_POST_BSC1.bsf: [0417 / 0991 %]
Process: 142_MP_POST_BSC2.bsf: [0418 / 0991 %]
Process: 142_MP_POST_BSO1.bsf: [0419 / 0991 %]
Process: 142_MP_POST_BSO2.bsf: [0420 / 0991 %]
Process: 142_MP_POST_BUC1.bsf: [0421 / 0991 %]
Process: 142_MP_POST_BUC2.bsf: [0422 / 0991 %]
Process: 142_MP_POST_BUO1.bsf: [0423 / 0991 %]
Process: 142_MP_POST_BUO2.bsf: [0424 / 0991 %]
Process: 142_MP_PRE_BSC1.bsf: [0425 / 0991 %]
Process: 142_MP_PRE_BSC2.bsf: [0426 / 0991 %]
Process: 142_MP_PRE_BSO1.bsf: [0427 / 0991 %]
Process: 142_MP_PRE_BSO2.bsf: [0428 / 0991 %]
Process: 142_MP_PRE_BUC1.bsf: [0429 / 0991 %]
Process: 142_MP_PRE_BUC2.bsf: [0430 / 0991 %]
Process: 142_MP_PRE_BUO1.bsf: [0431 / 0991 %]
Process: 142_MP_PRE_BUO2.bsf: [0432 / 0991 %]
Process: 185_MP_POST_BSC1.bsf: [0433 / 0991 %]
Process: 185_MP_POST_BSC2.bsf: [0434 / 0991 %]
Process: 185_MP_POST_BSO1.bsf: [0435 / 0991 %]
Process: 185_MP_POST_BSO2.bsf: [0436 / 0991 %]
Process: 185_MP_POST_BUC1.bsf: [0437 / 0991 %]
Process: 185_MP_POST_BUC2.bsf: [0438 / 0991 %]
Process: 185_MP_POST_BUO1.bsf: [0439 / 0991 %]
Process: 185_MP_POST_BUO2.bsf: [0440 / 0991 %]
Process: 185_MP_PRE_BSC1.bsf: [0441 / 0991 %]
Process: 185_MP_PRE_BSC2.bsf: [0442 / 0991 %]
Process: 185_MP_PRE_BSO1.bsf: [0443 / 0991 %]
Process: 185_MP_PRE_BSO2.bsf: [0444 / 0991 %]
Process: 185_MP_PRE_BUC1.bsf: [0445 / 0991 %]
Process: 185_MP_PRE_BUC2.bsf: [0446 / 0991 %]
Process: 185_MP_PRE_BUO1.bsf: [0447 / 0991 %]
Process: 185_MP_PRE_BUO2.bsf: [0448 / 0991 %]
Process: 202_MP_POST_BSC1.bsf: [0449 / 0991 %]
Process: 202_MP_POST_BSC2.bsf: [0450 / 0991 %]
Process: 202_MP_POST_BSO1.bsf: [0451 / 0991 %]
Process: 202_MP_POST_BSO2.bsf: [0452 / 0991 %]
Process: 202_MP_POST_BUC1.bsf: [0453 / 0991 %]
Process: 202_MP_POST_BUC2.bsf: [0454 / 0991 %]
Process: 202_MP_POST_BUO1.bsf: [0455 / 0991 %]
Process: 202_MP_POST_BUO2.bsf: [0456 / 0991 %]
Process: 202_MP_PRE_BSC1.bsf: [0457 / 0991 %]
Process: 202_MP_PRE_BSC2.bsf: [0458 / 0991 %]
Process: 202_MP_PRE_BSO1.bsf: [0459 / 0991 %]
Process: 202_MP_PRE_BSO2.bsf: [0460 / 0991 %]
Process: 202_MP_PRE_BUC1.bsf: [0461 / 0991 %]
Process: 202_MP_PRE_BUC2.bsf: [0462 / 0991 %]
Process: 202_MP_PRE_BUO1.bsf: [0463 / 0991 %]
Process: 202_MP_PRE_BUO2.bsf: [0464 / 0991 %]
Process: 274_MP_POST_BSC1.bsf: [0465 / 0991 %]
Process: 274_MP_POST_BSC2.bsf: [0466 / 0991 %]
Process: 274_MP_POST_BSO1.bsf: [0467 / 0991 %]
Process: 274_MP_POST_BSO2.bsf: [0468 / 0991 %]
Process: 274_MP_POST_BUC1.bsf: [0469 / 0991 %]
Process: 274_MP_POST_BUC2.bsf: [0470 / 0991 %]
Process: 274_MP_POST_BUO1.bsf: [0471 / 0991 %]
Process: 274_MP_POST_BUO2.bsf: [0472 / 0991 %]
Process: 274_MP_PRE_BSC1.bsf: [0473 / 0991 %]
Process: 274_MP_PRE_BSC2.bsf: [0474 / 0991 %]
Process: 274_MP_PRE_BSO1.bsf: [0475 / 0991 %]
Process: 274_MP_PRE_BSO2.bsf: [0476 / 0991 %]
Process: 274_MP_PRE_BUC1.bsf: [0477 / 0991 %]
Process: 274_MP_PRE_BUC2.bsf: [0478 / 0991 %]
Process: 274_MP_PRE_BUO1.bsf: [0479 / 0991 %]
Process: 274_MP_PRE_BUO2.bsf: [0480 / 0991 %]
Process: 275_MP_POST_BSC1.bsf: [0481 / 0991 %]
Process: 275_MP_POST_BSC2.bsf: [0482 / 0991 %]
Process: 275_MP_POST_BSO1.bsf: [0483 / 0991 %]
Process: 275_MP_POST_BSO2.bsf: [0484 / 0991 %]
Process: 275_MP_POST_BUC1.bsf: [0485 / 0991 %]
Process: 275_MP_POST_BUC2.bsf: [0486 / 0991 %]
Process: 275_MP_POST_BUO1.bsf: [0487 / 0991 %]
Process: 275_MP_POST_BUO2.bsf: [0488 / 0991 %]
Process: 275_MP_PRE_BSC1.bsf: [0489 / 0991 %]
Process: 275_MP_PRE_BSC2.bsf: [0490 / 0991 %]
Process: 275_MP_PRE_BSO1.bsf: [0491 / 0991 %]
Process: 275_MP_PRE_BSO2.bsf: [0492 / 0991 %]
Process: 275_MP_PRE_BUC1.bsf: [0493 / 0991 %]
Process: 275_MP_PRE_BUC2.bsf: [0494 / 0991 %]
Process: 275_MP_PRE_BUO1.bsf: [0495 / 0991 %]
Process: 275_MP_PRE_BUO2.bsf: [0496 / 0991 %]
Process: 297_MP_POST_BSC1.bsf: [0497 / 0991 %]
Process: 297_MP_POST_BSC2.bsf: [0498 / 0991 %]
Process: 297_MP_POST_BSO1.bsf: [0499 / 0991 %]
Process: 297_MP_POST_BSO2.bsf: [0500 / 0991 %]
Process: 297_MP_POST_BUC1.bsf: [0501 / 0991 %]
Process: 297_MP_POST_BUC2.bsf: [0502 / 0991 %]
Process: 297_MP_POST_BUO1.bsf: [0503 / 0991 %]
Process: 297_MP_POST_BUO2.bsf: [0504 / 0991 %]
Process: 297_MP_PRE_BSC1.bsf: [0505 / 0991 %]
Process: 297_MP_PRE_BSO1.bsf: [0506 / 0991 %]
Process: 297_MP_PRE_BSO2.bsf: [0507 / 0991 %]
Process: 297_MP_PRE_BUC1.bsf: [0508 / 0991 %]
Process: 297_MP_PRE_BUC2.bsf: [0509 / 0991 %]
Process: 297_MP_PRE_BUO1.bsf: [0510 / 0991 %]
Process: 297_MP_PRE_BUO2.bsf: [0511 / 0991 %]
Process: 311_MP_POST_BSC1.bsf: [0512 / 0991 %]
Process: 311_MP_POST_BSC2.bsf: [0513 / 0991 %]
Process: 311_MP_POST_BSO1.bsf: [0514 / 0991 %]
Process: 311_MP_POST_BSO2.bsf: [0515 / 0991 %]
Process: 311_MP_POST_BUC1.bsf: [0516 / 0991 %]
Process: 311_MP_POST_BUC2.bsf: [0517 / 0991 %]
Process: 311_MP_POST_BUO1.bsf: [0518 / 0991 %]
Process: 311_MP_POST_BUO2.bsf: [0519 / 0991 %]
Process: 311_MP_PRE_BSC1.bsf: [0520 / 0991 %]
Process: 311_MP_PRE_BSC2.bsf: [0521 / 0991 %]
Process: 311_MP_PRE_BSO1.bsf: [0522 / 0991 %]
Process: 311_MP_PRE_BSO2.bsf: [0523 / 0991 %]
Process: 311_MP_PRE_BUC1.bsf: [0524 / 0991 %]
Process: 311_MP_PRE_BUC2.bsf: [0525 / 0991 %]
Process: 311_MP_PRE_BUO1.bsf: [0526 / 0991 %]
Process: 311_MP_PRE_BUO2.bsf: [0527 / 0991 %]
Process: 358_MP_POST_BSC1.bsf: [0528 / 0991 %]
Process: 358_MP_POST_BSC2.bsf: [0529 / 0991 %]
Process: 358_MP_POST_BSO1.bsf: [0530 / 0991 %]
Process: 358_MP_POST_BSO2.bsf: [0531 / 0991 %]
Process: 358_MP_POST_BUC1.bsf: [0532 / 0991 %]
Process: 358_MP_POST_BUC2.bsf: [0533 / 0991 %]
Process: 358_MP_POST_BUO1.bsf: [0534 / 0991 %]
Process: 358_MP_POST_BUO2.bsf: [0535 / 0991 %]
Process: 358_MP_PRE_BSC1.bsf: [0536 / 0991 %]
Process: 358_MP_PRE_BSC2.bsf: [0537 / 0991 %]
Process: 358_MP_PRE_BSO1.bsf: [0538 / 0991 %]
Process: 358_MP_PRE_BSO2.bsf: [0539 / 0991 %]
Process: 358_MP_PRE_BUC1.bsf: [0540 / 0991 %]
Process: 358_MP_PRE_BUC2.bsf: [0541 / 0991 %]
Process: 358_MP_PRE_BUO1.bsf: [0542 / 0991 %]
Process: 358_MP_PRE_BUO2.bsf: [0543 / 0991 %]
Process: 411_MP_POST_BSC1.bsf: [0544 / 0991 %]
Process: 411_MP_POST_BSC2.bsf: [0545 / 0991 %]
Process: 411_MP_POST_BSO1.bsf: [0546 / 0991 %]
Process: 411_MP_POST_BSO2.bsf: [0547 / 0991 %]
Process: 411_MP_POST_BUC1.bsf: [0548 / 0991 %]
Process: 411_MP_POST_BUC2.bsf: [0549 / 0991 %]
Process: 411_MP_POST_BUO1.bsf: [0550 / 0991 %]
Process: 411_MP_POST_BUO2.bsf: [0551 / 0991 %]
Process: 411_MP_PRE_BSC1.bsf: [0552 / 0991 %]
Process: 411_MP_PRE_BSC2.bsf: [0553 / 0991 %]
Process: 411_MP_PRE_BSO1.bsf: [0554 / 0991 %]
Process: 411_MP_PRE_BSO2.bsf: [0555 / 0991 %]
Process: 411_MP_PRE_BUC1.bsf: [0556 / 0991 %]
Process: 411_MP_PRE_BUC2.bsf: [0557 / 0991 %]
Process: 411_MP_PRE_BUO1.bsf: [0558 / 0991 %]
Process: 411_MP_PRE_BUO2.bsf: [0559 / 0991 %]
Process: 510_MP_POST_BSC1.bsf: [0560 / 0991 %]
Process: 510_MP_POST_BSC2.bsf: [0561 / 0991 %]
Process: 510_MP_POST_BSO1.bsf: [0562 / 0991 %]
Process: 510_MP_POST_BSO2.bsf: [0563 / 0991 %]
Process: 510_MP_POST_BUC1.bsf: [0564 / 0991 %]
Process: 510_MP_POST_BUC2.bsf: [0565 / 0991 %]
Process: 510_MP_POST_BUO1.bsf: [0566 / 0991 %]
Process: 510_MP_POST_BUO2.bsf: [0567 / 0991 %]
Process: 510_MP_PRE_BSC1.bsf: [0568 / 0991 %]
Process: 510_MP_PRE_BSC2.bsf: [0569 / 0991 %]
Process: 510_MP_PRE_BSO1.bsf: [0570 / 0991 %]
Process: 510_MP_PRE_BSO2.bsf: [0571 / 0991 %]
Process: 510_MP_PRE_BUC1.bsf: [0572 / 0991 %]
Process: 510_MP_PRE_BUC2.bsf: [0573 / 0991 %]
Process: 510_MP_PRE_BUO1.bsf: [0574 / 0991 %]
Process: 510_MP_PRE_BUO2.bsf: [0575 / 0991 %]
Process: 529_MP_POST_BSC1.bsf: [0576 / 0991 %]
Process: 529_MP_POST_BSC2.bsf: [0577 / 0991 %]
Process: 529_MP_POST_BSO1.bsf: [0578 / 0991 %]
Process: 529_MP_POST_BSO2.bsf: [0579 / 0991 %]
Process: 529_MP_POST_BUC1.bsf: [0580 / 0991 %]
Process: 529_MP_POST_BUC2.bsf: [0581 / 0991 %]
Process: 529_MP_POST_BUO1.bsf: [0582 / 0991 %]
Process: 529_MP_POST_BUO2.bsf: [0583 / 0991 %]
Process: 529_MP_PRE_BSC1.bsf: [0584 / 0991 %]
Process: 529_MP_PRE_BSC2.bsf: [0585 / 0991 %]
Process: 529_MP_PRE_BSO1.bsf: [0586 / 0991 %]
Process: 529_MP_PRE_BSO2.bsf: [0587 / 0991 %]
Process: 529_MP_PRE_BUC1.bsf: [0588 / 0991 %]
Process: 529_MP_PRE_BUC2.bsf: [0589 / 0991 %]
Process: 529_MP_PRE_BUO1.bsf: [0590 / 0991 %]
Process: 529_MP_PRE_BUO2.bsf: [0591 / 0991 %]
Process: 557_MP_POST_BSC1.bsf: [0592 / 0991 %]
Process: 557_MP_POST_BSC2.bsf: [0593 / 0991 %]
Process: 557_MP_POST_BSO1.bsf: [0594 / 0991 %]
Process: 557_MP_POST_BSO2.bsf: [0595 / 0991 %]
Process: 557_MP_POST_BUC1.bsf: [0596 / 0991 %]
Process: 557_MP_POST_BUC2.bsf: [0597 / 0991 %]
Process: 557_MP_POST_BUO1.bsf: [0598 / 0991 %]
Process: 557_MP_POST_BUO2.bsf: [0599 / 0991 %]
Process: 557_MP_PRE_BSC1.bsf: [0600 / 0991 %]
Process: 557_MP_PRE_BSC2.bsf: [0601 / 0991 %]
Process: 557_MP_PRE_BSO1.bsf: [0602 / 0991 %]
Process: 557_MP_PRE_BSO2.bsf: [0603 / 0991 %]
Process: 557_MP_PRE_BUC1.bsf: [0604 / 0991 %]
Process: 557_MP_PRE_BUC2.bsf: [0605 / 0991 %]
Process: 557_MP_PRE_BUO1.bsf: [0606 / 0991 %]
Process: 557_MP_PRE_BUO2.bsf: [0607 / 0991 %]
Process: 582_MP_POST_BSC1.bsf: [0608 / 0991 %]
Process: 582_MP_POST_BSC2.bsf: [0609 / 0991 %]
Process: 582_MP_POST_BSO1.bsf: [0610 / 0991 %]
Process: 582_MP_POST_BSO2.bsf: [0611 / 0991 %]
Process: 582_MP_POST_BUC1.bsf: [0612 / 0991 %]
Process: 582_MP_POST_BUC2.bsf: [0613 / 0991 %]
Process: 582_MP_POST_BUO1.bsf: [0614 / 0991 %]
Process: 582_MP_POST_BUO2.bsf: [0615 / 0991 %]
Process: 582_MP_PRE_BSC1.bsf: [0616 / 0991 %]
Process: 582_MP_PRE_BSC2.bsf: [0617 / 0991 %]
Process: 582_MP_PRE_BSO1.bsf: [0618 / 0991 %]
Process: 582_MP_PRE_BSO2.bsf: [0619 / 0991 %]
Process: 582_MP_PRE_BUC1.bsf: [0620 / 0991 %]
Process: 582_MP_PRE_BUC2.bsf: [0621 / 0991 %]
Process: 582_MP_PRE_BUO1.bsf: [0622 / 0991 %]
Process: 582_MP_PRE_BUO2.bsf: [0623 / 0991 %]
Process: 604_MP_POST_BSC1.bsf: [0624 / 0991 %]
Process: 604_MP_POST_BSC2.bsf: [0625 / 0991 %]
Process: 604_MP_POST_BSO1.bsf: [0626 / 0991 %]
Process: 604_MP_POST_BSO2.bsf: [0627 / 0991 %]
Process: 604_MP_POST_BUC1.bsf: [0628 / 0991 %]
Process: 604_MP_POST_BUC2.bsf: [0629 / 0991 %]
Process: 604_MP_POST_BUO1.bsf: [0630 / 0991 %]
Process: 604_MP_POST_BUO2.bsf: [0631 / 0991 %]
Process: 604_MP_PRE_BSC1.bsf: [0632 / 0991 %]
Process: 604_MP_PRE_BSC2.bsf: [0633 / 0991 %]
Process: 604_MP_PRE_BSO1.bsf: [0634 / 0991 %]
Process: 604_MP_PRE_BSO2.bsf: [0635 / 0991 %]
Process: 604_MP_PRE_BUC1.bsf: [0636 / 0991 %]
Process: 604_MP_PRE_BUC2.bsf: [0637 / 0991 %]
Process: 604_MP_PRE_BUO1.bsf: [0638 / 0991 %]
Process: 604_MP_PRE_BUO2.bsf: [0639 / 0991 %]
Process: 612_MP_POST_BSC1.bsf: [0640 / 0991 %]
Process: 612_MP_POST_BSC2.bsf: [0641 / 0991 %]
Process: 612_MP_POST_BSO1.bsf: [0642 / 0991 %]
Process: 612_MP_POST_BSO2.bsf: [0643 / 0991 %]
Process: 612_MP_POST_BUC1.bsf: [0644 / 0991 %]
Process: 612_MP_POST_BUC2.bsf: [0645 / 0991 %]
Process: 612_MP_POST_BUO1.bsf: [0646 / 0991 %]
Process: 612_MP_POST_BUO2.bsf: [0647 / 0991 %]
Process: 612_MP_PRE_BSC1.bsf: [0648 / 0991 %]
Process: 612_MP_PRE_BSC2.bsf: [0649 / 0991 %]
Process: 612_MP_PRE_BSO1.bsf: [0650 / 0991 %]
Process: 612_MP_PRE_BSO2.bsf: [0651 / 0991 %]
Process: 612_MP_PRE_BUC1.bsf: [0652 / 0991 %]
Process: 612_MP_PRE_BUC2.bsf: [0653 / 0991 %]
Process: 612_MP_PRE_BUO1.bsf: [0654 / 0991 %]
Process: 612_MP_PRE_BUO2.bsf: [0655 / 0991 %]
Process: 620_MP_POST_BSC1.bsf: [0656 / 0991 %]
Process: 620_MP_POST_BSC2.bsf: [0657 / 0991 %]
Process: 620_MP_POST_BSO1.bsf: [0658 / 0991 %]
Process: 620_MP_POST_BSO2.bsf: [0659 / 0991 %]
Process: 620_MP_POST_BUC1.bsf: [0660 / 0991 %]
Process: 620_MP_POST_BUC2.bsf: [0661 / 0991 %]
Process: 620_MP_POST_BUO1.bsf: [0662 / 0991 %]
Process: 620_MP_POST_BUO2.bsf: [0663 / 0991 %]
Process: 620_MP_PRE_BSC1.bsf: [0664 / 0991 %]
Process: 620_MP_PRE_BSC2.bsf: [0665 / 0991 %]
Process: 620_MP_PRE_BSO1.bsf: [0666 / 0991 %]
Process: 620_MP_PRE_BSO2.bsf: [0667 / 0991 %]
Process: 620_MP_PRE_BUC1.bsf: [0668 / 0991 %]
Process: 620_MP_PRE_BUC2.bsf: [0669 / 0991 %]
Process: 620_MP_PRE_BUO1.bsf: [0670 / 0991 %]
Process: 620_MP_PRE_BUO2.bsf: [0671 / 0991 %]
Process: 651_MP_POST_BSC1.bsf: [0672 / 0991 %]
Process: 651_MP_POST_BSC2.bsf: [0673 / 0991 %]
Process: 651_MP_POST_BSO1.bsf: [0674 / 0991 %]
Process: 651_MP_POST_BSO2.bsf: [0675 / 0991 %]
Process: 651_MP_POST_BUC1.bsf: [0676 / 0991 %]
Process: 651_MP_POST_BUC2.bsf: [0677 / 0991 %]
Process: 651_MP_POST_BUO1.bsf: [0678 / 0991 %]
Process: 651_MP_POST_BUO2.bsf: [0679 / 0991 %]
Process: 651_MP_PRE_BSC1.bsf: [0680 / 0991 %]
Process: 651_MP_PRE_BSC2.bsf: [0681 / 0991 %]
Process: 651_MP_PRE_BSO1.bsf: [0682 / 0991 %]
Process: 651_MP_PRE_BSO2.bsf: [0683 / 0991 %]
Process: 651_MP_PRE_BUC1.bsf: [0684 / 0991 %]
Process: 651_MP_PRE_BUC2.bsf: [0685 / 0991 %]
Process: 651_MP_PRE_BUO1.bsf: [0686 / 0991 %]
Process: 651_MP_PRE_BUO2.bsf: [0687 / 0991 %]
Process: 653_MP_POST_BSC1.bsf: [0688 / 0991 %]
Process: 653_MP_POST_BSC2.bsf: [0689 / 0991 %]
Process: 653_MP_POST_BSO1.bsf: [0690 / 0991 %]
Process: 653_MP_POST_BSO2.bsf: [0691 / 0991 %]
Process: 653_MP_POST_BUC1.bsf: [0692 / 0991 %]
Process: 653_MP_POST_BUC2.bsf: [0693 / 0991 %]
Process: 653_MP_POST_BUO1.bsf: [0694 / 0991 %]
Process: 653_MP_POST_BUO2.bsf: [0695 / 0991 %]
Process: 653_MP_PRE_BSC1.bsf: [0696 / 0991 %]
Process: 653_MP_PRE_BSC2.bsf: [0697 / 0991 %]
Process: 653_MP_PRE_BSO1.bsf: [0698 / 0991 %]
Process: 653_MP_PRE_BSO2.bsf: [0699 / 0991 %]
Process: 653_MP_PRE_BUC1.bsf: [0700 / 0991 %]
Process: 653_MP_PRE_BUC2.bsf: [0701 / 0991 %]
Process: 653_MP_PRE_BUO1.bsf: [0702 / 0991 %]
Process: 653_MP_PRE_BUO2.bsf: [0703 / 0991 %]
Process: 659_MP_POST_BSC1.bsf: [0704 / 0991 %]
Process: 659_MP_POST_BSC2.bsf: [0705 / 0991 %]
Process: 659_MP_POST_BSO1.bsf: [0706 / 0991 %]
Process: 659_MP_POST_BSO2.bsf: [0707 / 0991 %]
Process: 659_MP_POST_BUC1.bsf: [0708 / 0991 %]
Process: 659_MP_POST_BUC2.bsf: [0709 / 0991 %]
Process: 659_MP_POST_BUO1.bsf: [0710 / 0991 %]
Process: 659_MP_POST_BUO2.bsf: [0711 / 0991 %]
Process: 659_MP_PRE_BSC1.bsf: [0712 / 0991 %]
Process: 659_MP_PRE_BSC2.bsf: [0713 / 0991 %]
Process: 659_MP_PRE_BSO1.bsf: [0714 / 0991 %]
Process: 659_MP_PRE_BSO2.bsf: [0715 / 0991 %]
Process: 659_MP_PRE_BUC1.bsf: [0716 / 0991 %]
Process: 659_MP_PRE_BUC2.bsf: [0717 / 0991 %]
Process: 659_MP_PRE_BUO1.bsf: [0718 / 0991 %]
Process: 659_MP_PRE_BUO2.bsf: [0719 / 0991 %]
Process: 679_MP_POST_BSC1.bsf: [0720 / 0991 %]
Process: 679_MP_POST_BSC2.bsf: [0721 / 0991 %]
Process: 679_MP_POST_BSO1.bsf: [0722 / 0991 %]
Process: 679_MP_POST_BSO2.bsf: [0723 / 0991 %]
Process: 679_MP_POST_BUC1.bsf: [0724 / 0991 %]
Process: 679_MP_POST_BUC2.bsf: [0725 / 0991 %]
Process: 679_MP_POST_BUO1.bsf: [0726 / 0991 %]
Process: 679_MP_POST_BUO2.bsf: [0727 / 0991 %]
Process: 679_MP_PRE_BSC1.bsf: [0728 / 0991 %]
Process: 679_MP_PRE_BSC2.bsf: [0729 / 0991 %]
Process: 679_MP_PRE_BSO1.bsf: [0730 / 0991 %]
Process: 679_MP_PRE_BSO2.bsf: [0731 / 0991 %]
Process: 679_MP_PRE_BUC1.bsf: [0732 / 0991 %]
Process: 679_MP_PRE_BUC2.bsf: [0733 / 0991 %]
Process: 679_MP_PRE_BUO1.bsf: [0734 / 0991 %]
Process: 679_MP_PRE_BUO2.bsf: [0735 / 0991 %]
Process: 709_MP_POST_BSC1.bsf: [0736 / 0991 %]
Process: 709_MP_POST_BSC2.bsf: [0737 / 0991 %]
Process: 709_MP_POST_BSO1.bsf: [0738 / 0991 %]
Process: 709_MP_POST_BSO2.bsf: [0739 / 0991 %]
Process: 709_MP_POST_BUC1.bsf: [0740 / 0991 %]
Process: 709_MP_POST_BUC2.bsf: [0741 / 0991 %]
Process: 709_MP_POST_BUO1.bsf: [0742 / 0991 %]
Process: 709_MP_POST_BUO2.bsf: [0743 / 0991 %]
Process: 709_MP_PRE_BSC1.bsf: [0744 / 0991 %]
Process: 709_MP_PRE_BSC2.bsf: [0745 / 0991 %]
Process: 709_MP_PRE_BSO1.bsf: [0746 / 0991 %]
Process: 709_MP_PRE_BSO2.bsf: [0747 / 0991 %]
Process: 709_MP_PRE_BUC1.bsf: [0748 / 0991 %]
Process: 709_MP_PRE_BUC2.bsf: [0749 / 0991 %]
Process: 709_MP_PRE_BUO1.bsf: [0750 / 0991 %]
Process: 709_MP_PRE_BUO2.bsf: [0751 / 0991 %]
Process: 752_MP_POST_BSC1.bsf: [0752 / 0991 %]
Process: 752_MP_POST_BSC2.bsf: [0753 / 0991 %]
Process: 752_MP_POST_BSO1.bsf: [0754 / 0991 %]
Process: 752_MP_POST_BSO2.bsf: [0755 / 0991 %]
Process: 752_MP_POST_BUC1.bsf: [0756 / 0991 %]
Process: 752_MP_POST_BUC2.bsf: [0757 / 0991 %]
Process: 752_MP_POST_BUO1.bsf: [0758 / 0991 %]
Process: 752_MP_POST_BUO2.bsf: [0759 / 0991 %]
Process: 752_MP_PRE_BSC1.bsf: [0760 / 0991 %]
Process: 752_MP_PRE_BSC2.bsf: [0761 / 0991 %]
Process: 752_MP_PRE_BSO1.bsf: [0762 / 0991 %]
Process: 752_MP_PRE_BSO2.bsf: [0763 / 0991 %]
Process: 752_MP_PRE_BUC1.bsf: [0764 / 0991 %]
Process: 752_MP_PRE_BUC2.bsf: [0765 / 0991 %]
Process: 752_MP_PRE_BUO1.bsf: [0766 / 0991 %]
Process: 752_MP_PRE_BUO2.bsf: [0767 / 0991 %]
Process: 756_MP_POST_BSC1.bsf: [0768 / 0991 %]
Process: 756_MP_POST_BSC2.bsf: [0769 / 0991 %]
Process: 756_MP_POST_BSO1.bsf: [0770 / 0991 %]
Process: 756_MP_POST_BSO2.bsf: [0771 / 0991 %]
Process: 756_MP_POST_BUC1.bsf: [0772 / 0991 %]
Process: 756_MP_POST_BUC2.bsf: [0773 / 0991 %]
Process: 756_MP_POST_BUO1.bsf: [0774 / 0991 %]
Process: 756_MP_POST_BUO2.bsf: [0775 / 0991 %]
Process: 756_MP_PRE_BSC1.bsf: [0776 / 0991 %]
Process: 756_MP_PRE_BSC2.bsf: [0777 / 0991 %]
Process: 756_MP_PRE_BSO1.bsf: [0778 / 0991 %]
Process: 756_MP_PRE_BSO2.bsf: [0779 / 0991 %]
Process: 756_MP_PRE_BUC1.bsf: [0780 / 0991 %]
Process: 756_MP_PRE_BUC2.bsf: [0781 / 0991 %]
Process: 756_MP_PRE_BUO1.bsf: [0782 / 0991 %]
Process: 756_MP_PRE_BUO2.bsf: [0783 / 0991 %]
Process: 795_MP_POST_BSC1.bsf: [0784 / 0991 %]
Process: 795_MP_POST_BSC2.bsf: [0785 / 0991 %]
Process: 795_MP_POST_BSO1.bsf: [0786 / 0991 %]
Process: 795_MP_POST_BSO2.bsf: [0787 / 0991 %]
Process: 795_MP_POST_BUC1.bsf: [0788 / 0991 %]
Process: 795_MP_POST_BUC2.bsf: [0789 / 0991 %]
Process: 795_MP_POST_BUO1.bsf: [0790 / 0991 %]
Process: 795_MP_POST_BUO2.bsf: [0791 / 0991 %]
Process: 795_MP_PRE_BSC1.bsf: [0792 / 0991 %]
Process: 795_MP_PRE_BSC2.bsf: [0793 / 0991 %]
Process: 795_MP_PRE_BSO1.bsf: [0794 / 0991 %]
Process: 795_MP_PRE_BSO2.bsf: [0795 / 0991 %]
Process: 795_MP_PRE_BUC1.bsf: [0796 / 0991 %]
Process: 795_MP_PRE_BUC2.bsf: [0797 / 0991 %]
Process: 795_MP_PRE_BUO1.bsf: [0798 / 0991 %]
Process: 795_MP_PRE_BUO2.bsf: [0799 / 0991 %]
Process: 81_MP_POST_BSC1.bsf: [0800 / 0991 %]
Process: 81_MP_POST_BSC2.bsf: [0801 / 0991 %]
Process: 81_MP_POST_BSO1.bsf: [0802 / 0991 %]
Process: 81_MP_POST_BSO2.bsf: [0803 / 0991 %]
Process: 81_MP_POST_BUC1.bsf: [0804 / 0991 %]
Process: 81_MP_POST_BUC2.bsf: [0805 / 0991 %]
Process: 81_MP_POST_BUO1.bsf: [0806 / 0991 %]
Process: 81_MP_POST_BUO2.bsf: [0807 / 0991 %]
Process: 81_MP_PRE_BSC1.bsf: [0808 / 0991 %]
Process: 81_MP_PRE_BSC2.bsf: [0809 / 0991 %]
Process: 81_MP_PRE_BSO1.bsf: [0810 / 0991 %]
Process: 81_MP_PRE_BSO2.bsf: [0811 / 0991 %]
Process: 81_MP_PRE_BUC1.bsf: [0812 / 0991 %]
Process: 81_MP_PRE_BUC2.bsf: [0813 / 0991 %]
Process: 81_MP_PRE_BUO1.bsf: [0814 / 0991 %]
Process: 81_MP_PRE_BUO2.bsf: [0815 / 0991 %]
Process: 835_MP_POST_BSC1.bsf: [0816 / 0991 %]
Process: 835_MP_POST_BSC2.bsf: [0817 / 0991 %]
Process: 835_MP_POST_BSO1.bsf: [0818 / 0991 %]
Process: 835_MP_POST_BSO2.bsf: [0819 / 0991 %]
Process: 835_MP_POST_BUC1.bsf: [0820 / 0991 %]
Process: 835_MP_POST_BUC2.bsf: [0821 / 0991 %]
Process: 835_MP_POST_BUO1.bsf: [0822 / 0991 %]
Process: 835_MP_POST_BUO2.bsf: [0823 / 0991 %]
Process: 835_MP_PRE_BSC1.bsf: [0824 / 0991 %]
Process: 835_MP_PRE_BSC2.bsf: [0825 / 0991 %]
Process: 835_MP_PRE_BSO1.bsf: [0826 / 0991 %]
Process: 835_MP_PRE_BSO2.bsf: [0827 / 0991 %]
Process: 835_MP_PRE_BUC1.bsf: [0828 / 0991 %]
Process: 835_MP_PRE_BUC2.bsf: [0829 / 0991 %]
Process: 835_MP_PRE_BUO1.bsf: [0830 / 0991 %]
Process: 835_MP_PRE_BUO2.bsf: [0831 / 0991 %]
Process: 83_MP_POST_BSC1.bsf: [0832 / 0991 %]
Process: 83_MP_POST_BSC2.bsf: [0833 / 0991 %]
Process: 83_MP_POST_BSO1.bsf: [0834 / 0991 %]
Process: 83_MP_POST_BSO2.bsf: [0835 / 0991 %]
Process: 83_MP_POST_BUC1.bsf: [0836 / 0991 %]
Process: 83_MP_POST_BUC2.bsf: [0837 / 0991 %]
Process: 83_MP_POST_BUO1.bsf: [0838 / 0991 %]
Process: 83_MP_POST_BUO2.bsf: [0839 / 0991 %]
Process: 83_MP_PRE_BSC1.bsf: [0840 / 0991 %]
Process: 83_MP_PRE_BSC2.bsf: [0841 / 0991 %]
Process: 83_MP_PRE_BSO1.bsf: [0842 / 0991 %]
Process: 83_MP_PRE_BSO2.bsf: [0843 / 0991 %]
Process: 83_MP_PRE_BUC1.bsf: [0844 / 0991 %]
Process: 83_MP_PRE_BUC2.bsf: [0845 / 0991 %]
Process: 83_MP_PRE_BUO1.bsf: [0846 / 0991 %]
Process: 83_MP_PRE_BUO2.bsf: [0847 / 0991 %]
Process: 854_MP_POST_BSC1.bsf: [0848 / 0991 %]
Process: 854_MP_POST_BSC2.bsf: [0849 / 0991 %]
Process: 854_MP_POST_BSO1.bsf: [0850 / 0991 %]
Process: 854_MP_POST_BSO2.bsf: [0851 / 0991 %]
Process: 854_MP_POST_BUC1.bsf: [0852 / 0991 %]
Process: 854_MP_POST_BUC2.bsf: [0853 / 0991 %]
Process: 854_MP_POST_BUO1.bsf: [0854 / 0991 %]
Process: 854_MP_POST_BUO2.bsf: [0855 / 0991 %]
Process: 854_MP_PRE_BSC1.bsf: [0856 / 0991 %]
Process: 854_MP_PRE_BSC2.bsf: [0857 / 0991 %]
Process: 854_MP_PRE_BSO1.bsf: [0858 / 0991 %]
Process: 854_MP_PRE_BSO2.bsf: [0859 / 0991 %]
Process: 854_MP_PRE_BUC1.bsf: [0860 / 0991 %]
Process: 854_MP_PRE_BUC2.bsf: [0861 / 0991 %]
Process: 854_MP_PRE_BUO1.bsf: [0862 / 0991 %]
Process: 854_MP_PRE_BUO2.bsf: [0863 / 0991 %]
Process: 868_MP_POST_BSC1.bsf: [0864 / 0991 %]
Process: 868_MP_POST_BSC2.bsf: [0865 / 0991 %]
Process: 868_MP_POST_BSO1.bsf: [0866 / 0991 %]
Process: 868_MP_POST_BSO2.bsf: [0867 / 0991 %]
Process: 868_MP_POST_BUC1.bsf: [0868 / 0991 %]
Process: 868_MP_POST_BUC2.bsf: [0869 / 0991 %]
Process: 868_MP_POST_BUO1.bsf: [0870 / 0991 %]
Process: 868_MP_POST_BUO2.bsf: [0871 / 0991 %]
Process: 868_MP_PRE_BSC1.bsf: [0872 / 0991 %]
Process: 868_MP_PRE_BSC2.bsf: [0873 / 0991 %]
Process: 868_MP_PRE_BSO1.bsf: [0874 / 0991 %]
Process: 868_MP_PRE_BSO2.bsf: [0875 / 0991 %]
Process: 868_MP_PRE_BUC1.bsf: [0876 / 0991 %]
Process: 868_MP_PRE_BUC2.bsf: [0877 / 0991 %]
Process: 868_MP_PRE_BUO1.bsf: [0878 / 0991 %]
Process: 868_MP_PRE_BUO2.bsf: [0879 / 0991 %]
Process: 874_MP_POST_BSC1.bsf: [0880 / 0991 %]
Process: 874_MP_POST_BSC2.bsf: [0881 / 0991 %]
Process: 874_MP_POST_BSO1.bsf: [0882 / 0991 %]
Process: 874_MP_POST_BSO2.bsf: [0883 / 0991 %]
Process: 874_MP_POST_BUC1.bsf: [0884 / 0991 %]
Process: 874_MP_POST_BUC2.bsf: [0885 / 0991 %]
Process: 874_MP_POST_BUO1.bsf: [0886 / 0991 %]
Process: 874_MP_POST_BUO2.bsf: [0887 / 0991 %]
Process: 874_MP_PRE_BSC1.bsf: [0888 / 0991 %]
Process: 874_MP_PRE_BSC2.bsf: [0889 / 0991 %]
Process: 874_MP_PRE_BSO1.bsf: [0890 / 0991 %]
Process: 874_MP_PRE_BSO2.bsf: [0891 / 0991 %]
Process: 874_MP_PRE_BUC1.bsf: [0892 / 0991 %]
Process: 874_MP_PRE_BUC2.bsf: [0893 / 0991 %]
Process: 874_MP_PRE_BUO1.bsf: [0894 / 0991 %]
Process: 874_MP_PRE_BUO2.bsf: [0895 / 0991 %]
Process: 884_MP_POST_BSC1.bsf: [0896 / 0991 %]
Process: 884_MP_POST_BSC2.bsf: [0897 / 0991 %]
Process: 884_MP_POST_BSO1.bsf: [0898 / 0991 %]
Process: 884_MP_POST_BSO2.bsf: [0899 / 0991 %]
Process: 884_MP_POST_BUC1.bsf: [0900 / 0991 %]
Process: 884_MP_POST_BUC2.bsf: [0901 / 0991 %]
Process: 884_MP_POST_BUO1.bsf: [0902 / 0991 %]
Process: 884_MP_POST_BUO2.bsf: [0903 / 0991 %]
Process: 884_MP_PRE_BSC1.bsf: [0904 / 0991 %]
Process: 884_MP_PRE_BSC2.bsf: [0905 / 0991 %]
Process: 884_MP_PRE_BSO1.bsf: [0906 / 0991 %]
Process: 884_MP_PRE_BSO2.bsf: [0907 / 0991 %]
Process: 884_MP_PRE_BUC1.bsf: [0908 / 0991 %]
Process: 884_MP_PRE_BUC2.bsf: [0909 / 0991 %]
Process: 884_MP_PRE_BUO1.bsf: [0910 / 0991 %]
Process: 884_MP_PRE_BUO2.bsf: [0911 / 0991 %]
Process: 885_MP_POST_BSC1.bsf: [0912 / 0991 %]
Process: 885_MP_POST_BSC2.bsf: [0913 / 0991 %]
Process: 885_MP_POST_BSO1.bsf: [0914 / 0991 %]
Process: 885_MP_POST_BSO2.bsf: [0915 / 0991 %]
Process: 885_MP_POST_BUC1.bsf: [0916 / 0991 %]
Process: 885_MP_POST_BUC2.bsf: [0917 / 0991 %]
Process: 885_MP_POST_BUO1.bsf: [0918 / 0991 %]
Process: 885_MP_POST_BUO2.bsf: [0919 / 0991 %]
Process: 885_MP_PRE_BSC1.bsf: [0920 / 0991 %]
Process: 885_MP_PRE_BSC2.bsf: [0921 / 0991 %]
Process: 885_MP_PRE_BSO1.bsf: [0922 / 0991 %]
Process: 885_MP_PRE_BSO2.bsf: [0923 / 0991 %]
Process: 885_MP_PRE_BUC1.bsf: [0924 / 0991 %]
Process: 885_MP_PRE_BUC2.bsf: [0925 / 0991 %]
Process: 885_MP_PRE_BUO1.bsf: [0926 / 0991 %]
Process: 885_MP_PRE_BUO2.bsf: [0927 / 0991 %]
Process: 906_MP_POST_BSC1.bsf: [0928 / 0991 %]
Process: 906_MP_POST_BSC2.bsf: [0929 / 0991 %]
Process: 906_MP_POST_BSO1.bsf: [0930 / 0991 %]
Process: 906_MP_POST_BSO2.bsf: [0931 / 0991 %]
Process: 906_MP_POST_BUC1.bsf: [0932 / 0991 %]
Process: 906_MP_POST_BUC2.bsf: [0933 / 0991 %]
Process: 906_MP_POST_BUO1.bsf: [0934 / 0991 %]
Process: 906_MP_POST_BUO2.bsf: [0935 / 0991 %]
Process: 906_MP_PRE_BSC1.bsf: [0936 / 0991 %]
Process: 906_MP_PRE_BSC2.bsf: [0937 / 0991 %]
Process: 906_MP_PRE_BSO1.bsf: [0938 / 0991 %]
Process: 906_MP_PRE_BSO2.bsf: [0939 / 0991 %]
Process: 906_MP_PRE_BUC1.bsf: [0940 / 0991 %]
Process: 906_MP_PRE_BUC2.bsf: [0941 / 0991 %]
Process: 906_MP_PRE_BUO1.bsf: [0942 / 0991 %]
Process: 906_MP_PRE_BUO2.bsf: [0943 / 0991 %]
Process: 924_MP_POST_BSC1.bsf: [0944 / 0991 %]
Process: 924_MP_POST_BSC2.bsf: [0945 / 0991 %]
Process: 924_MP_POST_BSO1.bsf: [0946 / 0991 %]
Process: 924_MP_POST_BSO2.bsf: [0947 / 0991 %]
Process: 924_MP_POST_BUC1.bsf: [0948 / 0991 %]
Process: 924_MP_POST_BUC2.bsf: [0949 / 0991 %]
Process: 924_MP_POST_BUO1.bsf: [0950 / 0991 %]
Process: 924_MP_POST_BUO2.bsf: [0951 / 0991 %]
Process: 924_MP_PRE_BSC1.bsf: [0952 / 0991 %]
Process: 924_MP_PRE_BSC2.bsf: [0953 / 0991 %]
Process: 924_MP_PRE_BSO1.bsf: [0954 / 0991 %]
Process: 924_MP_PRE_BSO2.bsf: [0955 / 0991 %]
Process: 924_MP_PRE_BUC1.bsf: [0956 / 0991 %]
Process: 924_MP_PRE_BUC2.bsf: [0957 / 0991 %]
Process: 924_MP_PRE_BUO1.bsf: [0958 / 0991 %]
Process: 924_MP_PRE_BUO2.bsf: [0959 / 0991 %]
Process: 928_MP_POST_BSC1.bsf: [0960 / 0991 %]
Process: 928_MP_POST_BSC2.bsf: [0961 / 0991 %]
Process: 928_MP_POST_BSO1.bsf: [0962 / 0991 %]
Process: 928_MP_POST_BSO2.bsf: [0963 / 0991 %]
Process: 928_MP_POST_BUC1.bsf: [0964 / 0991 %]
Process: 928_MP_POST_BUC2.bsf: [0965 / 0991 %]
Process: 928_MP_POST_BUO1.bsf: [0966 / 0991 %]
Process: 928_MP_POST_BUO2.bsf: [0967 / 0991 %]
Process: 928_MP_PRE_BSC1.bsf: [0968 / 0991 %]
Process: 928_MP_PRE_BSC2.bsf: [0969 / 0991 %]
Process: 928_MP_PRE_BSO1.bsf: [0970 / 0991 %]
Process: 928_MP_PRE_BSO2.bsf: [0971 / 0991 %]
Process: 928_MP_PRE_BUC1.bsf: [0972 / 0991 %]
Process: 928_MP_PRE_BUC2.bsf: [0973 / 0991 %]
Process: 928_MP_PRE_BUO1.bsf: [0974 / 0991 %]
Process: 928_MP_PRE_BUO2.bsf: [0975 / 0991 %]
Process: 94_MP_POST_BSC1.bsf: [0976 / 0991 %]
Process: 94_MP_POST_BSC2.bsf: [0977 / 0991 %]
Process: 94_MP_POST_BSO1.bsf: [0978 / 0991 %]
Process: 94_MP_POST_BSO2.bsf: [0979 / 0991 %]
Process: 94_MP_POST_BUC1.bsf: [0980 / 0991 %]
Process: 94_MP_POST_BUC2.bsf: [0981 / 0991 %]
Process: 94_MP_POST_BUO1.bsf: [0982 / 0991 %]
Process: 94_MP_POST_BUO2.bsf: [0983 / 0991 %]
Process: 94_MP_PRE_BSC1.bsf: [0984 / 0991 %]
Process: 94_MP_PRE_BSC2.bsf: [0985 / 0991 %]
Process: 94_MP_PRE_BSO1.bsf: [0986 / 0991 %]
Process: 94_MP_PRE_BSO2.bsf: [0987 / 0991 %]
Process: 94_MP_PRE_BUC1.bsf: [0988 / 0991 %]
Process: 94_MP_PRE_BUC2.bsf: [0989 / 0991 %]
Process: 94_MP_PRE_BUO1.bsf: [0990 / 0991 %]
Process: 94_MP_PRE_BUO2.bsf: [0991 / 0991 %]
Process: 1008_P_POST_BSC1.bsf: [0001 / 1132 %]
Process: 1008_P_POST_BSC2.bsf: [0002 / 1132 %]
Process: 1008_P_POST_BSO1.bsf: [0003 / 1132 %]
Process: 1008_P_POST_BSO2.bsf: [0004 / 1132 %]
Process: 1008_P_POST_BUC1.bsf: [0005 / 1132 %]
Process: 1008_P_POST_BUC2.bsf: [0006 / 1132 %]
Process: 1008_P_POST_BUO1.bsf: [0007 / 1132 %]
Process: 1008_P_POST_BUO2.bsf: [0008 / 1132 %]
Process: 1008_P_PRE_BSC1.bsf: [0009 / 1132 %]
Process: 1008_P_PRE_BSC2.bsf: [0010 / 1132 %]
Process: 1008_P_PRE_BSO1.bsf: [0011 / 1132 %]
Process: 1008_P_PRE_BSO2.bsf: [0012 / 1132 %]
Process: 1008_P_PRE_BUC1.bsf: [0013 / 1132 %]
Process: 1008_P_PRE_BUC2.bsf: [0014 / 1132 %]
Process: 1008_P_PRE_BUO1.bsf: [0015 / 1132 %]
Process: 1008_P_PRE_BUO2.bsf: [0016 / 1132 %]
Process: 1026_P_POST_BSC1.bsf: [0017 / 1132 %]
Process: 1026_P_POST_BSC2.bsf: [0018 / 1132 %]
Process: 1026_P_POST_BSO1.bsf: [0019 / 1132 %]
Process: 1026_P_POST_BSO2.bsf: [0020 / 1132 %]
Process: 1026_P_POST_BUC1.bsf: [0021 / 1132 %]
Process: 1026_P_POST_BUC2.bsf: [0022 / 1132 %]
Process: 1026_P_POST_BUO1.bsf: [0023 / 1132 %]
Process: 1026_P_POST_BUO2.bsf: [0024 / 1132 %]
Process: 1026_P_PRE_BSC1.bsf: [0025 / 1132 %]
Process: 1026_P_PRE_BSC2.bsf: [0026 / 1132 %]
Process: 1026_P_PRE_BSO1.bsf: [0027 / 1132 %]
Process: 1026_P_PRE_BSO2.bsf: [0028 / 1132 %]
Process: 1026_P_PRE_BUC1.bsf: [0029 / 1132 %]
Process: 1026_P_PRE_BUC2.bsf: [0030 / 1132 %]
Process: 1026_P_PRE_BUO1.bsf: [0031 / 1132 %]
Process: 1026_P_PRE_BUO2.bsf: [0032 / 1132 %]
Process: 1048_P_POST_BSC1.bsf: [0033 / 1132 %]
Process: 1048_P_POST_BSC2.bsf: [0034 / 1132 %]
Process: 1048_P_POST_BSO1.bsf: [0035 / 1132 %]
Process: 1048_P_POST_BSO2.bsf: [0036 / 1132 %]
Process: 1048_P_POST_BUC1.bsf: [0037 / 1132 %]
Process: 1048_P_POST_BUC2.bsf: [0038 / 1132 %]
Process: 1048_P_POST_BUO1.bsf: [0039 / 1132 %]
Process: 1048_P_POST_BUO2.bsf: [0040 / 1132 %]
Process: 1048_P_PRE_BSC1.bsf: [0041 / 1132 %]
Process: 1048_P_PRE_BSC2.bsf: [0042 / 1132 %]
Process: 1048_P_PRE_BSO1.bsf: [0043 / 1132 %]
Process: 1048_P_PRE_BSO2.bsf: [0044 / 1132 %]
Process: 1048_P_PRE_BUC1.bsf: [0045 / 1132 %]
Process: 1048_P_PRE_BUC2.bsf: [0046 / 1132 %]
Process: 1048_P_PRE_BUO1.bsf: [0047 / 1132 %]
Process: 1048_P_PRE_BUO2.bsf: [0048 / 1132 %]
Process: 1068_P_POST_BSC1.bsf: [0049 / 1132 %]
Process: 1068_P_POST_BSC2.bsf: [0050 / 1132 %]
Process: 1068_P_POST_BSO1.bsf: [0051 / 1132 %]
Process: 1068_P_POST_BSO2.bsf: [0052 / 1132 %]
Process: 1068_P_POST_BUC1.bsf: [0053 / 1132 %]
Process: 1068_P_POST_BUC2.bsf: [0054 / 1132 %]
Process: 1068_P_POST_BUO1.bsf: [0055 / 1132 %]
Process: 1068_P_POST_BUO2.bsf: [0056 / 1132 %]
Process: 1068_P_PRE_BSC1.bsf: [0057 / 1132 %]
Process: 1068_P_PRE_BSC2.bsf: [0058 / 1132 %]
Process: 1068_P_PRE_BSO1.bsf: [0059 / 1132 %]
Process: 1068_P_PRE_BSO2.bsf: [0060 / 1132 %]
Process: 1068_P_PRE_BUC1.bsf: [0061 / 1132 %]
Process: 1068_P_PRE_BUC2.bsf: [0062 / 1132 %]
Process: 1068_P_PRE_BUO1.bsf: [0063 / 1132 %]
Process: 1068_P_PRE_BUO2.bsf: [0064 / 1132 %]
Process: 110_P_POST_BSC1.bsf: [0065 / 1132 %]
Process: 110_P_POST_BSC2.bsf: [0066 / 1132 %]
Process: 110_P_POST_BSO1.bsf: [0067 / 1132 %]
Process: 110_P_POST_BSO2.bsf: [0068 / 1132 %]
Process: 110_P_POST_BUC1.bsf: [0069 / 1132 %]
Process: 110_P_POST_BUC2.bsf: [0070 / 1132 %]
Process: 110_P_POST_BUO1.bsf: [0071 / 1132 %]
Process: 110_P_POST_BUO2.bsf: [0072 / 1132 %]
Process: 110_P_PRE_BSC1.bsf: [0073 / 1132 %]
Process: 110_P_PRE_BSC2.bsf: [0074 / 1132 %]
Process: 110_P_PRE_BSO1.bsf: [0075 / 1132 %]
Process: 110_P_PRE_BSO2.bsf: [0076 / 1132 %]
Process: 110_P_PRE_BUC1.bsf: [0077 / 1132 %]
Process: 110_P_PRE_BUC2.bsf: [0078 / 1132 %]
Process: 110_P_PRE_BUO1.bsf: [0079 / 1132 %]
Process: 110_P_PRE_BUO2.bsf: [0080 / 1132 %]
Process: 113_P_POST_BSC1.bsf: [0081 / 1132 %]
Process: 113_P_POST_BSC2.bsf: [0082 / 1132 %]
Process: 113_P_POST_BSO1.bsf: [0083 / 1132 %]
Process: 113_P_POST_BSO2.bsf: [0084 / 1132 %]
Process: 113_P_POST_BUC1.bsf: [0085 / 1132 %]
Process: 113_P_POST_BUC2.bsf: [0086 / 1132 %]
Process: 113_P_POST_BUO1.bsf: [0087 / 1132 %]
Process: 113_P_POST_BUO2.bsf: [0088 / 1132 %]
Process: 113_P_PRE_BSC1.bsf: [0089 / 1132 %]
Process: 113_P_PRE_BSC2.bsf: [0090 / 1132 %]
Process: 113_P_PRE_BSO1.bsf: [0091 / 1132 %]
Process: 113_P_PRE_BSO2.bsf: [0092 / 1132 %]
Process: 113_P_PRE_BUC1.bsf: [0093 / 1132 %]
Process: 113_P_PRE_BUC2.bsf: [0094 / 1132 %]
Process: 113_P_PRE_BUO1.bsf: [0095 / 1132 %]
Process: 113_P_PRE_BUO2.bsf: [0096 / 1132 %]
Process: 1150_P_POST_BSC1.bsf: [0097 / 1132 %]
Process: 1150_P_POST_BSC2.bsf: [0098 / 1132 %]
Process: 1150_P_POST_BSO1.bsf: [0099 / 1132 %]
Process: 1150_P_POST_BSO2.bsf: [0100 / 1132 %]
Process: 1150_P_POST_BUC1.bsf: [0101 / 1132 %]
Process: 1150_P_POST_BUC2.bsf: [0102 / 1132 %]
Process: 1150_P_POST_BUO1.bsf: [0103 / 1132 %]
Process: 1150_P_POST_BUO2.bsf: [0104 / 1132 %]
Process: 1150_P_PRE_BSC1.bsf: [0105 / 1132 %]
Process: 1150_P_PRE_BSC2.bsf: [0106 / 1132 %]
Process: 1150_P_PRE_BSO1.bsf: [0107 / 1132 %]
Process: 1150_P_PRE_BSO2.bsf: [0108 / 1132 %]
Process: 1150_P_PRE_BUC1.bsf: [0109 / 1132 %]
Process: 1150_P_PRE_BUC2.bsf: [0110 / 1132 %]
Process: 1150_P_PRE_BUO1.bsf: [0111 / 1132 %]
Process: 1150_P_PRE_BUO2.bsf: [0112 / 1132 %]
Process: 1153_P_POST_BSC1.bsf: [0113 / 1132 %]
Process: 1153_P_POST_BSC2.bsf: [0114 / 1132 %]
Process: 1153_P_POST_BSO1.bsf: [0115 / 1132 %]
Process: 1153_P_POST_BSO2.bsf: [0116 / 1132 %]
Process: 1153_P_POST_BUC1.bsf: [0117 / 1132 %]
Process: 1153_P_POST_BUC2.bsf: [0118 / 1132 %]
Process: 1153_P_POST_BUO1.bsf: [0119 / 1132 %]
Process: 1153_P_POST_BUO2.bsf: [0120 / 1132 %]
Process: 1153_P_PRE_BSC1.bsf: [0121 / 1132 %]
Process: 1153_P_PRE_BSC2.bsf: [0122 / 1132 %]
Process: 1153_P_PRE_BSO1.bsf: [0123 / 1132 %]
Process: 1153_P_PRE_BSO2.bsf: [0124 / 1132 %]
Process: 1153_P_PRE_BUC1.bsf: [0125 / 1132 %]
Process: 1153_P_PRE_BUC2.bsf: [0126 / 1132 %]
Process: 1153_P_PRE_BUO1.bsf: [0127 / 1132 %]
Process: 1153_P_PRE_BUO2.bsf: [0128 / 1132 %]
Process: 1159_P_POST_BSC1.bsf: [0129 / 1132 %]
Process: 1159_P_POST_BSC2.bsf: [0130 / 1132 %]
Process: 1159_P_POST_BSO1.bsf: [0131 / 1132 %]
Process: 1159_P_POST_BSO2.bsf: [0132 / 1132 %]
Process: 1159_P_POST_BUC1.bsf: [0133 / 1132 %]
Process: 1159_P_POST_BUC2.bsf: [0134 / 1132 %]
Process: 1159_P_POST_BUO1.bsf: [0135 / 1132 %]
Process: 1159_P_POST_BUO2.bsf: [0136 / 1132 %]
Process: 1159_P_PRE_BSC1.bsf: [0137 / 1132 %]
Process: 1159_P_PRE_BSC2.bsf: [0138 / 1132 %]
Process: 1159_P_PRE_BSO1.bsf: [0139 / 1132 %]
Process: 1159_P_PRE_BSO2.bsf: [0140 / 1132 %]
Process: 1159_P_PRE_BUC1.bsf: [0141 / 1132 %]
Process: 1159_P_PRE_BUC2.bsf: [0142 / 1132 %]
Process: 1159_P_PRE_BUO1.bsf: [0143 / 1132 %]
Process: 1159_P_PRE_BUO2.bsf: [0144 / 1132 %]
Process: 1168_P_POST_BSC1.bsf: [0145 / 1132 %]
Process: 1168_P_POST_BSC2.bsf: [0146 / 1132 %]
Process: 1168_P_POST_BSO1.bsf: [0147 / 1132 %]
Process: 1168_P_POST_BSO2.bsf: [0148 / 1132 %]
Process: 1168_P_POST_BUC1.bsf: [0149 / 1132 %]
Process: 1168_P_POST_BUC2.bsf: [0150 / 1132 %]
Process: 1168_P_POST_BUO1.bsf: [0151 / 1132 %]
Process: 1168_P_POST_BUO2.bsf: [0152 / 1132 %]
Process: 1168_P_PRE_BSC1.bsf: [0153 / 1132 %]
Process: 1168_P_PRE_BSC2.bsf: [0154 / 1132 %]
Process: 1168_P_PRE_BSO1.bsf: [0155 / 1132 %]
Process: 1168_P_PRE_BSO2.bsf: [0156 / 1132 %]
Process: 1168_P_PRE_BUC1.bsf: [0157 / 1132 %]
Process: 1168_P_PRE_BUC2.bsf: [0158 / 1132 %]
Process: 1168_P_PRE_BUO1.bsf: [0159 / 1132 %]
Process: 1168_P_PRE_BUO2.bsf: [0160 / 1132 %]
Process: 1172_P_POST_BSC1.bsf: [0161 / 1132 %]
Process: 1172_P_POST_BSC2.bsf: [0162 / 1132 %]
Process: 1172_P_POST_BSO1.bsf: [0163 / 1132 %]
Process: 1172_P_POST_BSO2.bsf: [0164 / 1132 %]
Process: 1172_P_POST_BUC1.bsf: [0165 / 1132 %]
Process: 1172_P_POST_BUC2.bsf: [0166 / 1132 %]
Process: 1172_P_POST_BUO1.bsf: [0167 / 1132 %]
Process: 1172_P_POST_BUO2.bsf: [0168 / 1132 %]
Process: 1172_P_PRE_BSC1.bsf: [0169 / 1132 %]
Process: 1172_P_PRE_BSC2.bsf: [0170 / 1132 %]
Process: 1172_P_PRE_BSO1.bsf: [0171 / 1132 %]
Process: 1172_P_PRE_BSO2.bsf: [0172 / 1132 %]
Process: 1172_P_PRE_BUC1.bsf: [0173 / 1132 %]
Process: 1172_P_PRE_BUC2.bsf: [0174 / 1132 %]
Process: 1172_P_PRE_BUO1.bsf: [0175 / 1132 %]
Process: 1172_P_PRE_BUO2.bsf: [0176 / 1132 %]
Process: 1197_P_POST_BSC1.bsf: [0177 / 1132 %]
Process: 1197_P_POST_BSC2.bsf: [0178 / 1132 %]
Process: 1197_P_POST_BSO1.bsf: [0179 / 1132 %]
Process: 1197_P_POST_BSO2.bsf: [0180 / 1132 %]
Process: 1197_P_POST_BUC1.bsf: [0181 / 1132 %]
Process: 1197_P_POST_BUC2.bsf: [0182 / 1132 %]
Process: 1197_P_POST_BUO1.bsf: [0183 / 1132 %]
Process: 1197_P_POST_BUO2.bsf: [0184 / 1132 %]
Process: 1197_P_PRE_BSC1.bsf: [0185 / 1132 %]
Process: 1197_P_PRE_BSC2.bsf: [0186 / 1132 %]
Process: 1197_P_PRE_BSO1.bsf: [0187 / 1132 %]
Process: 1197_P_PRE_BSO2.bsf: [0188 / 1132 %]
Process: 1197_P_PRE_BUC1.bsf: [0189 / 1132 %]
Process: 1197_P_PRE_BUC2.bsf: [0190 / 1132 %]
Process: 1197_P_PRE_BUO1.bsf: [0191 / 1132 %]
Process: 1197_P_PRE_BUO2.bsf: [0192 / 1132 %]
Process: 1245_P_POST_BSC1.bsf: [0193 / 1132 %]
Process: 1245_P_POST_BSC2.bsf: [0194 / 1132 %]
Process: 1245_P_POST_BSO1.bsf: [0195 / 1132 %]
Process: 1245_P_POST_BSO2.bsf: [0196 / 1132 %]
Process: 1245_P_POST_BUC1.bsf: [0197 / 1132 %]
Process: 1245_P_POST_BUC2.bsf: [0198 / 1132 %]
Process: 1245_P_POST_BUO1.bsf: [0199 / 1132 %]
Process: 1245_P_POST_BUO2.bsf: [0200 / 1132 %]
Process: 1245_P_PRE_BSC1.bsf: [0201 / 1132 %]
Process: 1245_P_PRE_BSC2.bsf: [0202 / 1132 %]
Process: 1245_P_PRE_BSO1.bsf: [0203 / 1132 %]
Process: 1245_P_PRE_BSO2.bsf: [0204 / 1132 %]
Process: 1245_P_PRE_BUC1.bsf: [0205 / 1132 %]
Process: 1245_P_PRE_BUC2.bsf: [0206 / 1132 %]
Process: 1245_P_PRE_BUO1.bsf: [0207 / 1132 %]
Process: 1245_P_PRE_BUO2.bsf: [0208 / 1132 %]
Process: 1248_P_POST_BSC1.bsf: [0209 / 1132 %]
Process: 1248_P_POST_BSC2.bsf: [0210 / 1132 %]
Process: 1248_P_POST_BSO1.bsf: [0211 / 1132 %]
Process: 1248_P_POST_BSO2.bsf: [0212 / 1132 %]
Process: 1248_P_POST_BUC1.bsf: [0213 / 1132 %]
Process: 1248_P_POST_BUC2.bsf: [0214 / 1132 %]
Process: 1248_P_POST_BUO1.bsf: [0215 / 1132 %]
Process: 1248_P_POST_BUO2.bsf: [0216 / 1132 %]
Process: 1248_P_PRE_BSC1.bsf: [0217 / 1132 %]
Process: 1248_P_PRE_BSC2.bsf: [0218 / 1132 %]
Process: 1248_P_PRE_BSO1.bsf: [0219 / 1132 %]
Process: 1248_P_PRE_BSO2.bsf: [0220 / 1132 %]
Process: 1248_P_PRE_BUC1.bsf: [0221 / 1132 %]
Process: 1248_P_PRE_BUC2.bsf: [0222 / 1132 %]
Process: 1248_P_PRE_BUO1.bsf: [0223 / 1132 %]
Process: 1248_P_PRE_BUO2.bsf: [0224 / 1132 %]
Process: 1250_P_POST_BSC1.bsf: [0225 / 1132 %]
Process: 1250_P_POST_BSC2.bsf: [0226 / 1132 %]
Process: 1250_P_POST_BSO1.bsf: [0227 / 1132 %]
Process: 1250_P_POST_BSO2.bsf: [0228 / 1132 %]
Process: 1250_P_POST_BUC1.bsf: [0229 / 1132 %]
Process: 1250_P_POST_BUC2.bsf: [0230 / 1132 %]
Process: 1250_P_POST_BUO1.bsf: [0231 / 1132 %]
Process: 1250_P_POST_BUO2.bsf: [0232 / 1132 %]
Process: 1250_P_PRE_BSC1.bsf: [0233 / 1132 %]
Process: 1250_P_PRE_BSC2.bsf: [0234 / 1132 %]
Process: 1250_P_PRE_BSO1.bsf: [0235 / 1132 %]
Process: 1250_P_PRE_BSO2.bsf: [0236 / 1132 %]
Process: 1250_P_PRE_BUC1.bsf: [0237 / 1132 %]
Process: 1250_P_PRE_BUC2.bsf: [0238 / 1132 %]
Process: 1250_P_PRE_BUO1.bsf: [0239 / 1132 %]
Process: 1250_P_PRE_BUO2.bsf: [0240 / 1132 %]
Process: 1309_P_POST_BSC1.bsf: [0241 / 1132 %]
Process: 1309_P_POST_BSC2.bsf: [0242 / 1132 %]
Process: 1309_P_POST_BSO1.bsf: [0243 / 1132 %]
Process: 1309_P_POST_BSO2.bsf: [0244 / 1132 %]
Process: 1309_P_POST_BUC1.bsf: [0245 / 1132 %]
Process: 1309_P_POST_BUC2.bsf: [0246 / 1132 %]
Process: 1309_P_POST_BUO1.bsf: [0247 / 1132 %]
Process: 1309_P_POST_BUO2.bsf: [0248 / 1132 %]
Process: 1309_P_PRE_BSC1.bsf: [0249 / 1132 %]
Process: 1309_P_PRE_BSC2.bsf: [0250 / 1132 %]
Process: 1309_P_PRE_BSO1.bsf: [0251 / 1132 %]
Process: 1309_P_PRE_BSO2.bsf: [0252 / 1132 %]
Process: 1309_P_PRE_BUC1.bsf: [0253 / 1132 %]
Process: 1309_P_PRE_BUC2.bsf: [0254 / 1132 %]
Process: 1309_P_PRE_BUO1.bsf: [0255 / 1132 %]
Process: 1309_P_PRE_BUO2.bsf: [0256 / 1132 %]
Process: 1325_P_POST_BSC1.bsf: [0257 / 1132 %]
Process: 1325_P_POST_BSC2.bsf: [0258 / 1132 %]
Process: 1325_P_POST_BSO1.bsf: [0259 / 1132 %]
Process: 1325_P_POST_BSO2.bsf: [0260 / 1132 %]
Process: 1325_P_POST_BUC1.bsf: [0261 / 1132 %]
Process: 1325_P_POST_BUC2.bsf: [0262 / 1132 %]
Process: 1325_P_POST_BUO1.bsf: [0263 / 1132 %]
Process: 1325_P_POST_BUO2.bsf: [0264 / 1132 %]
Process: 1325_P_PRE_BSC1.bsf: [0265 / 1132 %]
Process: 1325_P_PRE_BSC2.bsf: [0266 / 1132 %]
Process: 1325_P_PRE_BSO1.bsf: [0267 / 1132 %]
Process: 1325_P_PRE_BSO2.bsf: [0268 / 1132 %]
Process: 1325_P_PRE_BUC1.bsf: [0269 / 1132 %]
Process: 1325_P_PRE_BUC2.bsf: [0270 / 1132 %]
Process: 1325_P_PRE_BUO1.bsf: [0271 / 1132 %]
Process: 1325_P_PRE_BUO2.bsf: [0272 / 1132 %]
Process: 1328_P_POST_BSC1.bsf: [0273 / 1132 %]
Process: 1328_P_POST_BSC2.bsf: [0274 / 1132 %]
Process: 1328_P_POST_BSO1.bsf: [0275 / 1132 %]
Process: 1328_P_POST_BSO2.bsf: [0276 / 1132 %]
Process: 1328_P_POST_BUC1.bsf: [0277 / 1132 %]
Process: 1328_P_POST_BUC2.bsf: [0278 / 1132 %]
Process: 1328_P_POST_BUO1.bsf: [0279 / 1132 %]
Process: 1328_P_POST_BUO2.bsf: [0280 / 1132 %]
Process: 1328_P_PRE_BSC1.bsf: [0281 / 1132 %]
Process: 1328_P_PRE_BSC2.bsf: [0282 / 1132 %]
Process: 1328_P_PRE_BSO1.bsf: [0283 / 1132 %]
Process: 1328_P_PRE_BSO2.bsf: [0284 / 1132 %]
Process: 1328_P_PRE_BUC1.bsf: [0285 / 1132 %]
Process: 1328_P_PRE_BUC2.bsf: [0286 / 1132 %]
Process: 1328_P_PRE_BUO1.bsf: [0287 / 1132 %]
Process: 1328_P_PRE_BUO2.bsf: [0288 / 1132 %]
Process: 1336_P_POST_BSC1.bsf: [0289 / 1132 %]
Process: 1336_P_POST_BSC2.bsf: [0290 / 1132 %]
Process: 1336_P_POST_BSO1.bsf: [0291 / 1132 %]
Process: 1336_P_POST_BSO2.bsf: [0292 / 1132 %]
Process: 1336_P_POST_BUC1.bsf: [0293 / 1132 %]
Process: 1336_P_POST_BUC2.bsf: [0294 / 1132 %]
Process: 1336_P_POST_BUO1.bsf: [0295 / 1132 %]
Process: 1336_P_POST_BUO2.bsf: [0296 / 1132 %]
Process: 1336_P_PRE_BSC1.bsf: [0297 / 1132 %]
Process: 1336_P_PRE_BSC2.bsf: [0298 / 1132 %]
Process: 1336_P_PRE_BSO1.bsf: [0299 / 1132 %]
Process: 1336_P_PRE_BSO2.bsf: [0300 / 1132 %]
Process: 1336_P_PRE_BUC1.bsf: [0301 / 1132 %]
Process: 1336_P_PRE_BUC2.bsf: [0302 / 1132 %]
Process: 1336_P_PRE_BUO1.bsf: [0303 / 1132 %]
Process: 1336_P_PRE_BUO2.bsf: [0304 / 1132 %]
Process: 133_P_POST_BSC1.bsf: [0305 / 1132 %]
Process: 133_P_POST_BSC2.bsf: [0306 / 1132 %]
Process: 133_P_POST_BSO1.bsf: [0307 / 1132 %]
Process: 133_P_POST_BSO2.bsf: [0308 / 1132 %]
Process: 133_P_POST_BUC1.bsf: [0309 / 1132 %]
Process: 133_P_POST_BUC2.bsf: [0310 / 1132 %]
Process: 133_P_POST_BUO1.bsf: [0311 / 1132 %]
Process: 133_P_POST_BUO2.bsf: [0312 / 1132 %]
Process: 133_P_PRE_BSC1.bsf: [0313 / 1132 %]
Process: 133_P_PRE_BSC2.bsf: [0314 / 1132 %]
Process: 133_P_PRE_BSO1.bsf: [0315 / 1132 %]
Process: 133_P_PRE_BSO2.bsf: [0316 / 1132 %]
Process: 133_P_PRE_BUC1.bsf: [0317 / 1132 %]
Process: 133_P_PRE_BUC2.bsf: [0318 / 1132 %]
Process: 133_P_PRE_BUO1.bsf: [0319 / 1132 %]
Process: 133_P_PRE_BUO2.bsf: [0320 / 1132 %]
Process: 1351_P_POST_BSC1.bsf: [0321 / 1132 %]
Process: 1351_P_POST_BSC2.bsf: [0322 / 1132 %]
Process: 1351_P_POST_BSO1.bsf: [0323 / 1132 %]
Process: 1351_P_POST_BSO2.bsf: [0324 / 1132 %]
Process: 1351_P_POST_BUC1.bsf: [0325 / 1132 %]
Process: 1351_P_POST_BUC2.bsf: [0326 / 1132 %]
Process: 1351_P_POST_BUO1.bsf: [0327 / 1132 %]
Process: 1351_P_POST_BUO2.bsf: [0328 / 1132 %]
Process: 1351_P_PRE_BSC1.bsf: [0329 / 1132 %]
Process: 1351_P_PRE_BSC2.bsf: [0330 / 1132 %]
Process: 1351_P_PRE_BSO1.bsf: [0331 / 1132 %]
Process: 1351_P_PRE_BSO2.bsf: [0332 / 1132 %]
Process: 1351_P_PRE_BUC1.bsf: [0333 / 1132 %]
Process: 1351_P_PRE_BUC2.bsf: [0334 / 1132 %]
Process: 1351_P_PRE_BUO1.bsf: [0335 / 1132 %]
Process: 1351_P_PRE_BUO2.bsf: [0336 / 1132 %]
Process: 135_P_POST_BSC1.bsf: [0337 / 1132 %]
Process: 135_P_POST_BSC2.bsf: [0338 / 1132 %]
Process: 135_P_POST_BSO1.bsf: [0339 / 1132 %]
Process: 135_P_POST_BSO2.bsf: [0340 / 1132 %]
Process: 135_P_POST_BUC1.bsf: [0341 / 1132 %]
Process: 135_P_POST_BUC2.bsf: [0342 / 1132 %]
Process: 135_P_POST_BUO1.bsf: [0343 / 1132 %]
Process: 135_P_POST_BUO2.bsf: [0344 / 1132 %]
Process: 135_P_PRE_BSC1.bsf: [0345 / 1132 %]
Process: 135_P_PRE_BSC2.bsf: [0346 / 1132 %]
Process: 135_P_PRE_BSO1.bsf: [0347 / 1132 %]
Process: 135_P_PRE_BSO2.bsf: [0348 / 1132 %]
Process: 135_P_PRE_BUC1.bsf: [0349 / 1132 %]
Process: 135_P_PRE_BUC2.bsf: [0350 / 1132 %]
Process: 135_P_PRE_BUO1.bsf: [0351 / 1132 %]
Process: 135_P_PRE_BUO2.bsf: [0352 / 1132 %]
Process: 1367_P_POST_BSC1.bsf: [0353 / 1132 %]
Process: 1367_P_POST_BSC2.bsf: [0354 / 1132 %]
Process: 1367_P_POST_BSO1.bsf: [0355 / 1132 %]
Process: 1367_P_POST_BSO2.bsf: [0356 / 1132 %]
Process: 1367_P_POST_BUC1.bsf: [0357 / 1132 %]
Process: 1367_P_POST_BUC2.bsf: [0358 / 1132 %]
Process: 1367_P_POST_BUO1.bsf: [0359 / 1132 %]
Process: 1367_P_POST_BUO2.bsf: [0360 / 1132 %]
Process: 1367_P_PRE_BSC1.bsf: [0361 / 1132 %]
Process: 1367_P_PRE_BSC2.bsf: [0362 / 1132 %]
Process: 1367_P_PRE_BSO1.bsf: [0363 / 1132 %]
Process: 1367_P_PRE_BSO2.bsf: [0364 / 1132 %]
Process: 1367_P_PRE_BUC1.bsf: [0365 / 1132 %]
Process: 1367_P_PRE_BUC2.bsf: [0366 / 1132 %]
Process: 1367_P_PRE_BUO1.bsf: [0367 / 1132 %]
Process: 1367_P_PRE_BUO2.bsf: [0368 / 1132 %]
Process: 137_P_POST_BSC1.bsf: [0369 / 1132 %]
Process: 137_P_POST_BSC2.bsf: [0370 / 1132 %]
Process: 137_P_POST_BSO1.bsf: [0371 / 1132 %]
Process: 137_P_POST_BSO2.bsf: [0372 / 1132 %]
Process: 137_P_POST_BUC1.bsf: [0373 / 1132 %]
Process: 137_P_POST_BUC2.bsf: [0374 / 1132 %]
Process: 137_P_POST_BUO1.bsf: [0375 / 1132 %]
Process: 137_P_POST_BUO2.bsf: [0376 / 1132 %]
Process: 137_P_PRE_BSC1.bsf: [0377 / 1132 %]
Process: 137_P_PRE_BSC2.bsf: [0378 / 1132 %]
Process: 137_P_PRE_BSO1.bsf: [0379 / 1132 %]
Process: 137_P_PRE_BSO2.bsf: [0380 / 1132 %]
Process: 137_P_PRE_BUC1.bsf: [0381 / 1132 %]
Process: 137_P_PRE_BUC2.bsf: [0382 / 1132 %]
Process: 137_P_PRE_BUO1.bsf: [0383 / 1132 %]
Process: 137_P_PRE_BUO2.bsf: [0384 / 1132 %]
Process: 1383_P_POST_BSC1.bsf: [0385 / 1132 %]
Process: 1383_P_POST_BSC2.bsf: [0386 / 1132 %]
Process: 1383_P_POST_BSO1.bsf: [0387 / 1132 %]
Process: 1383_P_POST_BSO2.bsf: [0388 / 1132 %]
Process: 1383_P_POST_BUC1.bsf: [0389 / 1132 %]
Process: 1383_P_POST_BUC2.bsf: [0390 / 1132 %]
Process: 1383_P_POST_BUO1.bsf: [0391 / 1132 %]
Process: 1383_P_POST_BUO2.bsf: [0392 / 1132 %]
Process: 1383_P_PRE_BSC1.bsf: [0393 / 1132 %]
Process: 1383_P_PRE_BSC2.bsf: [0394 / 1132 %]
Process: 1383_P_PRE_BSO1.bsf: [0395 / 1132 %]
Process: 1383_P_PRE_BSO2.bsf: [0396 / 1132 %]
Process: 1383_P_PRE_BUC1.bsf: [0397 / 1132 %]
Process: 1383_P_PRE_BUC2.bsf: [0398 / 1132 %]
Process: 1383_P_PRE_BUO1.bsf: [0399 / 1132 %]
Process: 1383_P_PRE_BUO2.bsf: [0400 / 1132 %]
Process: 1384_P_POST_BSC1.bsf: [0401 / 1132 %]
Process: 1384_P_POST_BSC2.bsf: [0402 / 1132 %]
Process: 1384_P_POST_BSO1.bsf: [0403 / 1132 %]
Process: 1384_P_POST_BSO2.bsf: [0404 / 1132 %]
Process: 1384_P_POST_BUC1.bsf: [0405 / 1132 %]
Process: 1384_P_POST_BUC2.bsf: [0406 / 1132 %]
Process: 1384_P_POST_BUO1.bsf: [0407 / 1132 %]
Process: 1384_P_POST_BUO2.bsf: [0408 / 1132 %]
Process: 1384_P_PRE_BSC1.bsf: [0409 / 1132 %]
Process: 1384_P_PRE_BSC2.bsf: [0410 / 1132 %]
Process: 1384_P_PRE_BSO1.bsf: [0411 / 1132 %]
Process: 1384_P_PRE_BSO2.bsf: [0412 / 1132 %]
Process: 1384_P_PRE_BUC1.bsf: [0413 / 1132 %]
Process: 1384_P_PRE_BUC2.bsf: [0414 / 1132 %]
Process: 1384_P_PRE_BUO1.bsf: [0415 / 1132 %]
Process: 1384_P_PRE_BUO2.bsf: [0416 / 1132 %]
Process: 1385_P_POST_BSC1.bsf: [0417 / 1132 %]
Process: 1385_P_POST_BSC2.bsf: [0418 / 1132 %]
Process: 1385_P_POST_BSO1.bsf: [0419 / 1132 %]
Process: 1385_P_POST_BSO2.bsf: [0420 / 1132 %]
Process: 1385_P_POST_BUC1.bsf: [0421 / 1132 %]
Process: 1385_P_POST_BUC2.bsf: [0422 / 1132 %]
Process: 1385_P_POST_BUO1.bsf: [0423 / 1132 %]
Process: 1385_P_POST_BUO2.bsf: [0424 / 1132 %]
Process: 1385_P_PRE_BSC1.bsf: [0425 / 1132 %]
Process: 1385_P_PRE_BSC2.bsf: [0426 / 1132 %]
Process: 1385_P_PRE_BSO1.bsf: [0427 / 1132 %]
Process: 1385_P_PRE_BSO2.bsf: [0428 / 1132 %]
Process: 1385_P_PRE_BUC1.bsf: [0429 / 1132 %]
Process: 1385_P_PRE_BUC2.bsf: [0430 / 1132 %]
Process: 1385_P_PRE_BUO1.bsf: [0431 / 1132 %]
Process: 1385_P_PRE_BUO2.bsf: [0432 / 1132 %]
Process: 1400_P_POST_BSC1.bsf: [0433 / 1132 %]
Process: 1400_P_POST_BSC2.bsf: [0434 / 1132 %]
Process: 1400_P_POST_BSO1.bsf: [0435 / 1132 %]
Process: 1400_P_POST_BSO2.bsf: [0436 / 1132 %]
Process: 1400_P_POST_BUC1.bsf: [0437 / 1132 %]
Process: 1400_P_POST_BUC2.bsf: [0438 / 1132 %]
Process: 1400_P_POST_BUO1.bsf: [0439 / 1132 %]
Process: 1400_P_POST_BUO2.bsf: [0440 / 1132 %]
Process: 1400_P_PRE_BSC1.bsf: [0441 / 1132 %]
Process: 1400_P_PRE_BSC2.bsf: [0442 / 1132 %]
Process: 1400_P_PRE_BSO1.bsf: [0443 / 1132 %]
Process: 1400_P_PRE_BSO2.bsf: [0444 / 1132 %]
Process: 1400_P_PRE_BUC1.bsf: [0445 / 1132 %]
Process: 1400_P_PRE_BUC2.bsf: [0446 / 1132 %]
Process: 1400_P_PRE_BUO1.bsf: [0447 / 1132 %]
Process: 1400_P_PRE_BUO2.bsf: [0448 / 1132 %]
Process: 1403_P_POST_BSC1.bsf: [0449 / 1132 %]
Process: 1403_P_POST_BSC2.bsf: [0450 / 1132 %]
Process: 1403_P_POST_BSO1.bsf: [0451 / 1132 %]
Process: 1403_P_POST_BSO2.bsf: [0452 / 1132 %]
Process: 1403_P_POST_BUC1.bsf: [0453 / 1132 %]
Process: 1403_P_POST_BUC2.bsf: [0454 / 1132 %]
Process: 1403_P_POST_BUO1.bsf: [0455 / 1132 %]
Process: 1403_P_POST_BUO2.bsf: [0456 / 1132 %]
Process: 1403_P_PRE_BSC1.bsf: [0457 / 1132 %]
Process: 1403_P_PRE_BSC2.bsf: [0458 / 1132 %]
Process: 1403_P_PRE_BSO1.bsf: [0459 / 1132 %]
Process: 1403_P_PRE_BSO2.bsf: [0460 / 1132 %]
Process: 1403_P_PRE_BUC1.bsf: [0461 / 1132 %]
Process: 1403_P_PRE_BUC2.bsf: [0462 / 1132 %]
Process: 1403_P_PRE_BUO1.bsf: [0463 / 1132 %]
Process: 1403_P_PRE_BUO2.bsf: [0464 / 1132 %]
Process: 141_P_POST_BSC1.bsf: [0465 / 1132 %]
Process: 141_P_POST_BSC2.bsf: [0466 / 1132 %]
Process: 141_P_POST_BSO1.bsf: [0467 / 1132 %]
Process: 141_P_POST_BSO2.bsf: [0468 / 1132 %]
Process: 141_P_POST_BUC1.bsf: [0469 / 1132 %]
Process: 141_P_POST_BUC2.bsf: [0470 / 1132 %]
Process: 141_P_POST_BUO1.bsf: [0471 / 1132 %]
Process: 141_P_POST_BUO2.bsf: [0472 / 1132 %]
Process: 141_P_PRE_BSC1.bsf: [0473 / 1132 %]
Process: 141_P_PRE_BSC2.bsf: [0474 / 1132 %]
Process: 141_P_PRE_BSO1.bsf: [0475 / 1132 %]
Process: 141_P_PRE_BSO2.bsf: [0476 / 1132 %]
Process: 141_P_PRE_BUC1.bsf: [0477 / 1132 %]
Process: 141_P_PRE_BUC2.bsf: [0478 / 1132 %]
Process: 141_P_PRE_BUO1.bsf: [0479 / 1132 %]
Process: 141_P_PRE_BUO2.bsf: [0480 / 1132 %]
Process: 142_P_POST_BSC1.bsf: [0481 / 1132 %]
Process: 142_P_POST_BSC2.bsf: [0482 / 1132 %]
Process: 142_P_POST_BSO1.bsf: [0483 / 1132 %]
Process: 142_P_POST_BSO2.bsf: [0484 / 1132 %]
Process: 142_P_POST_BUC1.bsf: [0485 / 1132 %]
Process: 142_P_POST_BUC2.bsf: [0486 / 1132 %]
Process: 142_P_POST_BUO1.bsf: [0487 / 1132 %]
Process: 142_P_POST_BUO2.bsf: [0488 / 1132 %]
Process: 142_P_PRE_BSC1.bsf: [0489 / 1132 %]
Process: 142_P_PRE_BSC2.bsf: [0490 / 1132 %]
Process: 142_P_PRE_BSO1.bsf: [0491 / 1132 %]
Process: 142_P_PRE_BSO2.bsf: [0492 / 1132 %]
Process: 142_P_PRE_BUC1.bsf: [0493 / 1132 %]
Process: 142_P_PRE_BUC2.bsf: [0494 / 1132 %]
Process: 142_P_PRE_BUO1.bsf: [0495 / 1132 %]
Process: 142_P_PRE_BUO2.bsf: [0496 / 1132 %]
Process: 152_P_POST_BSC1.bsf: [0497 / 1132 %]
Process: 152_P_POST_BSC2.bsf: [0498 / 1132 %]
Process: 152_P_POST_BSO1.bsf: [0499 / 1132 %]
Process: 152_P_POST_BSO2.bsf: [0500 / 1132 %]
Process: 152_P_POST_BUC1.bsf: [0501 / 1132 %]
Process: 152_P_POST_BUC2.bsf: [0502 / 1132 %]
Process: 152_P_POST_BUO1.bsf: [0503 / 1132 %]
Process: 152_P_POST_BUO2.bsf: [0504 / 1132 %]
Process: 152_P_PRE_BSC1.bsf: [0505 / 1132 %]
Process: 152_P_PRE_BSC2.bsf: [0506 / 1132 %]
Process: 152_P_PRE_BSO1.bsf: [0507 / 1132 %]
Process: 152_P_PRE_BSO2.bsf: [0508 / 1132 %]
Process: 152_P_PRE_BUC1.bsf: [0509 / 1132 %]
Process: 152_P_PRE_BUC2.bsf: [0510 / 1132 %]
Process: 152_P_PRE_BUO1.bsf: [0511 / 1132 %]
Process: 152_P_PRE_BUO2.bsf: [0512 / 1132 %]
Process: 185_P_POST_BSC1.bsf: [0513 / 1132 %]
Process: 185_P_POST_BSC2.bsf: [0514 / 1132 %]
Process: 185_P_POST_BSO1.bsf: [0515 / 1132 %]
Process: 185_P_POST_BSO2.bsf: [0516 / 1132 %]
Process: 185_P_POST_BUC1.bsf: [0517 / 1132 %]
Process: 185_P_POST_BUC2.bsf: [0518 / 1132 %]
Process: 185_P_POST_BUO1.bsf: [0519 / 1132 %]
Process: 185_P_POST_BUO2.bsf: [0520 / 1132 %]
Process: 185_P_PRE_BSC1.bsf: [0521 / 1132 %]
Process: 185_P_PRE_BSC2.bsf: [0522 / 1132 %]
Process: 185_P_PRE_BSO1.bsf: [0523 / 1132 %]
Process: 185_P_PRE_BSO2.bsf: [0524 / 1132 %]
Process: 185_P_PRE_BUC1.bsf: [0525 / 1132 %]
Process: 185_P_PRE_BUC2.bsf: [0526 / 1132 %]
Process: 185_P_PRE_BUO1.bsf: [0527 / 1132 %]
Process: 185_P_PRE_BUO2.bsf: [0528 / 1132 %]
Process: 202_P_POST_BSC1.bsf: [0529 / 1132 %]
Process: 202_P_POST_BSC2.bsf: [0530 / 1132 %]
Process: 202_P_POST_BSO1.bsf: [0531 / 1132 %]
Process: 202_P_POST_BSO2.bsf: [0532 / 1132 %]
Process: 202_P_POST_BUC1.bsf: [0533 / 1132 %]
Process: 202_P_POST_BUC2.bsf: [0534 / 1132 %]
Process: 202_P_POST_BUO1.bsf: [0535 / 1132 %]
Process: 202_P_POST_BUO2.bsf: [0536 / 1132 %]
Process: 202_P_PRE_BSC1.bsf: [0537 / 1132 %]
Process: 202_P_PRE_BSC2.bsf: [0538 / 1132 %]
Process: 202_P_PRE_BSO1.bsf: [0539 / 1132 %]
Process: 202_P_PRE_BSO2.bsf: [0540 / 1132 %]
Process: 202_P_PRE_BUC1.bsf: [0541 / 1132 %]
Process: 202_P_PRE_BUC2.bsf: [0542 / 1132 %]
Process: 202_P_PRE_BUO1.bsf: [0543 / 1132 %]
Process: 202_P_PRE_BUO2.bsf: [0544 / 1132 %]
Process: 274_P_POST_BSC1.bsf: [0545 / 1132 %]
Process: 274_P_POST_BSC2.bsf: [0546 / 1132 %]
Process: 274_P_POST_BSO1.bsf: [0547 / 1132 %]
Process: 274_P_POST_BSO2.bsf: [0548 / 1132 %]
Process: 274_P_POST_BUC1.bsf: [0549 / 1132 %]
Process: 274_P_POST_BUC2.bsf: [0550 / 1132 %]
Process: 274_P_POST_BUO1.bsf: [0551 / 1132 %]
Process: 274_P_POST_BUO2.bsf: [0552 / 1132 %]
Process: 274_P_PRE_BSC1.bsf: [0553 / 1132 %]
Process: 274_P_PRE_BSC2.bsf: [0554 / 1132 %]
Process: 274_P_PRE_BSO1.bsf: [0555 / 1132 %]
Process: 274_P_PRE_BSO2.bsf: [0556 / 1132 %]
Process: 274_P_PRE_BUC1.bsf: [0557 / 1132 %]
Process: 274_P_PRE_BUC2.bsf: [0558 / 1132 %]
Process: 274_P_PRE_BUO1.bsf: [0559 / 1132 %]
Process: 274_P_PRE_BUO2.bsf: [0560 / 1132 %]
Process: 275_P_POST_BSC1.bsf: [0561 / 1132 %]
Process: 275_P_POST_BSC2.bsf: [0562 / 1132 %]
Process: 275_P_POST_BSO1.bsf: [0563 / 1132 %]
Process: 275_P_POST_BSO2.bsf: [0564 / 1132 %]
Process: 275_P_POST_BUC1.bsf: [0565 / 1132 %]
Process: 275_P_POST_BUC2.bsf: [0566 / 1132 %]
Process: 275_P_POST_BUO1.bsf: [0567 / 1132 %]
Process: 275_P_POST_BUO2.bsf: [0568 / 1132 %]
Process: 275_P_PRE_BSC1.bsf: [0569 / 1132 %]
Process: 275_P_PRE_BSC2.bsf: [0570 / 1132 %]
Process: 275_P_PRE_BSO1.bsf: [0571 / 1132 %]
Process: 275_P_PRE_BSO2.bsf: [0572 / 1132 %]
Process: 275_P_PRE_BUC1.bsf: [0573 / 1132 %]
Process: 275_P_PRE_BUC2.bsf: [0574 / 1132 %]
Process: 275_P_PRE_BUO1.bsf: [0575 / 1132 %]
Process: 275_P_PRE_BUO2.bsf: [0576 / 1132 %]
Process: 297_P_POST_BSC1.bsf: [0577 / 1132 %]
Process: 297_P_POST_BSC2.bsf: [0578 / 1132 %]
Process: 297_P_POST_BSO1.bsf: [0579 / 1132 %]
Process: 297_P_POST_BSO2.bsf: [0580 / 1132 %]
Process: 297_P_POST_BUC1.bsf: [0581 / 1132 %]
Process: 297_P_POST_BUC2.bsf: [0582 / 1132 %]
Process: 297_P_POST_BUO1.bsf: [0583 / 1132 %]
Process: 297_P_POST_BUO2.bsf: [0584 / 1132 %]
Process: 297_P_PRE_BSC1.bsf: [0585 / 1132 %]
Process: 297_P_PRE_BSC2.bsf: [0586 / 1132 %]
Process: 297_P_PRE_BSO1.bsf: [0587 / 1132 %]
Process: 297_P_PRE_BSO2.bsf: [0588 / 1132 %]
Process: 297_P_PRE_BUC1.bsf: [0589 / 1132 %]
Process: 297_P_PRE_BUC2.bsf: [0590 / 1132 %]
Process: 297_P_PRE_BUO1.bsf: [0591 / 1132 %]
Process: 297_P_PRE_BUO2.bsf: [0592 / 1132 %]
Process: 311_P_POST_BSC1.bsf: [0593 / 1132 %]
Process: 311_P_POST_BSC2.bsf: [0594 / 1132 %]
Process: 311_P_POST_BSO1.bsf: [0595 / 1132 %]
Process: 311_P_POST_BSO2.bsf: [0596 / 1132 %]
Process: 311_P_POST_BUC1.bsf: [0597 / 1132 %]
Process: 311_P_POST_BUC2.bsf: [0598 / 1132 %]
Process: 311_P_POST_BUO1.bsf: [0599 / 1132 %]
Process: 311_P_POST_BUO2.bsf: [0600 / 1132 %]
Process: 311_P_PRE_BSC1.bsf: [0601 / 1132 %]
Process: 311_P_PRE_BSC2.bsf: [0602 / 1132 %]
Process: 311_P_PRE_BSO1.bsf: [0603 / 1132 %]
Process: 311_P_PRE_BUC1.bsf: [0604 / 1132 %]
Process: 311_P_PRE_BUC2.bsf: [0605 / 1132 %]
Process: 311_P_PRE_BUO1.bsf: [0606 / 1132 %]
Process: 311_P_PRE_BUO2.bsf: [0607 / 1132 %]
Process: 358_P_POST_BSC1.bsf: [0608 / 1132 %]
Process: 358_P_POST_BSC2.bsf: [0609 / 1132 %]
Process: 358_P_POST_BSO1.bsf: [0610 / 1132 %]
Process: 358_P_POST_BSO2.bsf: [0611 / 1132 %]
Process: 358_P_POST_BUC1.bsf: [0612 / 1132 %]
Process: 358_P_POST_BUC2.bsf: [0613 / 1132 %]
Process: 358_P_POST_BUO1.bsf: [0614 / 1132 %]
Process: 358_P_POST_BUO2.bsf: [0615 / 1132 %]
Process: 358_P_PRE_BSC1.bsf: [0616 / 1132 %]
Process: 358_P_PRE_BSC2.bsf: [0617 / 1132 %]
Process: 358_P_PRE_BSO1.bsf: [0618 / 1132 %]
Process: 358_P_PRE_BSO2.bsf: [0619 / 1132 %]
Process: 358_P_PRE_BUC1.bsf: [0620 / 1132 %]
Process: 358_P_PRE_BUC2.bsf: [0621 / 1132 %]
Process: 358_P_PRE_BUO1.bsf: [0622 / 1132 %]
Process: 358_P_PRE_BUO2.bsf: [0623 / 1132 %]
Process: 411_P_POST_BSC1.bsf: [0624 / 1132 %]
Process: 411_P_POST_BSC2.bsf: [0625 / 1132 %]
Process: 411_P_POST_BSO1.bsf: [0626 / 1132 %]
Process: 411_P_POST_BSO2.bsf: [0627 / 1132 %]
Process: 411_P_POST_BUC1.bsf: [0628 / 1132 %]
Process: 411_P_POST_BUC2.bsf: [0629 / 1132 %]
Process: 411_P_POST_BUO1.bsf: [0630 / 1132 %]
Process: 411_P_POST_BUO2.bsf: [0631 / 1132 %]
Process: 411_P_PRE_BSC1.bsf: [0632 / 1132 %]
Process: 411_P_PRE_BSC2.bsf: [0633 / 1132 %]
Process: 411_P_PRE_BSO1.bsf: [0634 / 1132 %]
Process: 411_P_PRE_BSO2.bsf: [0635 / 1132 %]
Process: 411_P_PRE_BUC1.bsf: [0636 / 1132 %]
Process: 411_P_PRE_BUC2.bsf: [0637 / 1132 %]
Process: 411_P_PRE_BUO1.bsf: [0638 / 1132 %]
Process: 411_P_PRE_BUO2.bsf: [0639 / 1132 %]
Process: 494_P_PRE_BSC1.bsf: [0640 / 1132 %]
Process: 494_P_PRE_BSC2.bsf: [0641 / 1132 %]
Process: 494_P_PRE_BSO1.bsf: [0642 / 1132 %]
Process: 494_P_PRE_BSO2.bsf: [0643 / 1132 %]
Process: 494_P_PRE_BUC1.bsf: [0644 / 1132 %]
Process: 494_P_PRE_BUC2.bsf: [0645 / 1132 %]
Process: 494_P_PRE_BUO1.bsf: [0646 / 1132 %]
Process: 494_P_PRE_BUO2.bsf: [0647 / 1132 %]
Process: 510_P_POST_BSC1.bsf: [0648 / 1132 %]
Process: 510_P_POST_BSC2.bsf: [0649 / 1132 %]
Process: 510_P_POST_BSO1.bsf: [0650 / 1132 %]
Process: 510_P_POST_BSO2.bsf: [0651 / 1132 %]
Process: 510_P_POST_BUC1.bsf: [0652 / 1132 %]
Process: 510_P_POST_BUC2.bsf: [0653 / 1132 %]
Process: 510_P_POST_BUO1.bsf: [0654 / 1132 %]
Process: 510_P_POST_BUO2.bsf: [0655 / 1132 %]
Process: 510_P_PRE_BSC1.bsf: [0656 / 1132 %]
Process: 510_P_PRE_BSC2.bsf: [0657 / 1132 %]
Process: 510_P_PRE_BSO1.bsf: [0658 / 1132 %]
Process: 510_P_PRE_BSO2.bsf: [0659 / 1132 %]
Process: 510_P_PRE_BUC1.bsf: [0660 / 1132 %]
Process: 510_P_PRE_BUC2.bsf: [0661 / 1132 %]
Process: 510_P_PRE_BUO1.bsf: [0662 / 1132 %]
Process: 510_P_PRE_BUO2.bsf: [0663 / 1132 %]
Process: 525_P_POST_BSC1.bsf: [0664 / 1132 %]
Process: 525_P_POST_BSC2.bsf: [0665 / 1132 %]
Process: 525_P_POST_BSO1.bsf: [0666 / 1132 %]
Process: 525_P_POST_BSO2.bsf: [0667 / 1132 %]
Process: 525_P_POST_BUC1.bsf: [0668 / 1132 %]
Process: 525_P_POST_BUC2.bsf: [0669 / 1132 %]
Process: 525_P_POST_BUO1.bsf: [0670 / 1132 %]
Process: 525_P_POST_BUO2.bsf: [0671 / 1132 %]
Process: 525_P_PRE_BSC1.bsf: [0672 / 1132 %]
Process: 525_P_PRE_BSC2.bsf: [0673 / 1132 %]
Process: 525_P_PRE_BSO1.bsf: [0674 / 1132 %]
Process: 525_P_PRE_BSO2.bsf: [0675 / 1132 %]
Process: 525_P_PRE_BUC1.bsf: [0676 / 1132 %]
Process: 525_P_PRE_BUC2.bsf: [0677 / 1132 %]
Process: 525_P_PRE_BUO1.bsf: [0678 / 1132 %]
Process: 525_P_PRE_BUO2.bsf: [0679 / 1132 %]
Process: 529_P_POST_BSC1.bsf: [0680 / 1132 %]
Process: 529_P_POST_BSC2.bsf: [0681 / 1132 %]
Process: 529_P_POST_BSO1.bsf: [0682 / 1132 %]
Process: 529_P_POST_BSO2.bsf: [0683 / 1132 %]
Process: 529_P_POST_BUC1.bsf: [0684 / 1132 %]
Process: 529_P_POST_BUC2.bsf: [0685 / 1132 %]
Process: 529_P_POST_BUO1.bsf: [0686 / 1132 %]
Process: 529_P_POST_BUO2.bsf: [0687 / 1132 %]
Process: 529_P_PRE_BSC1.bsf: [0688 / 1132 %]
Process: 529_P_PRE_BSC2.bsf: [0689 / 1132 %]
Process: 529_P_PRE_BSO1.bsf: [0690 / 1132 %]
Process: 529_P_PRE_BSO2.bsf: [0691 / 1132 %]
Process: 529_P_PRE_BUC1.bsf: [0692 / 1132 %]
Process: 529_P_PRE_BUC2.bsf: [0693 / 1132 %]
Process: 529_P_PRE_BUO1.bsf: [0694 / 1132 %]
Process: 529_P_PRE_BUO2.bsf: [0695 / 1132 %]
Process: 557_P_POST_BSC1.bsf: [0696 / 1132 %]
Process: 557_P_POST_BSC2.bsf: [0697 / 1132 %]
Process: 557_P_POST_BSO1.bsf: [0698 / 1132 %]
Process: 557_P_POST_BSO2.bsf: [0699 / 1132 %]
Process: 557_P_POST_BUC1.bsf: [0700 / 1132 %]
Process: 557_P_POST_BUC2.bsf: [0701 / 1132 %]
Process: 557_P_POST_BUO1.bsf: [0702 / 1132 %]
Process: 557_P_POST_BUO2.bsf: [0703 / 1132 %]
Process: 557_P_PRE_BSC1.bsf: [0704 / 1132 %]
Process: 557_P_PRE_BSC2.bsf: [0705 / 1132 %]
Process: 557_P_PRE_BSO1.bsf: [0706 / 1132 %]
Process: 557_P_PRE_BSO2.bsf: [0707 / 1132 %]
Process: 557_P_PRE_BUC1.bsf: [0708 / 1132 %]
Process: 557_P_PRE_BUC2.bsf: [0709 / 1132 %]
Process: 557_P_PRE_BUO1.bsf: [0710 / 1132 %]
Process: 557_P_PRE_BUO2.bsf: [0711 / 1132 %]
Process: 582_P_POST_BSC1.bsf: [0712 / 1132 %]
Process: 582_P_POST_BSC2.bsf: [0713 / 1132 %]
Process: 582_P_POST_BSO1.bsf: [0714 / 1132 %]
Process: 582_P_POST_BSO2.bsf: [0715 / 1132 %]
Process: 582_P_POST_BUC1.bsf: [0716 / 1132 %]
Process: 582_P_POST_BUC2.bsf: [0717 / 1132 %]
Process: 582_P_POST_BUO1.bsf: [0718 / 1132 %]
Process: 582_P_POST_BUO2.bsf: [0719 / 1132 %]
Process: 582_P_PRE_BSC1.bsf: [0720 / 1132 %]
Process: 582_P_PRE_BSC2.bsf: [0721 / 1132 %]
Process: 582_P_PRE_BSO1.bsf: [0722 / 1132 %]
Process: 582_P_PRE_BSO2.bsf: [0723 / 1132 %]
Process: 582_P_PRE_BUC1.bsf: [0724 / 1132 %]
Process: 582_P_PRE_BUC2.bsf: [0725 / 1132 %]
Process: 582_P_PRE_BUO1.bsf: [0726 / 1132 %]
Process: 582_P_PRE_BUO2.bsf: [0727 / 1132 %]
Process: 604_P_POST_BSC1.bsf: [0728 / 1132 %]
Process: 604_P_POST_BSC2.bsf: [0729 / 1132 %]
Process: 604_P_POST_BSO1.bsf: [0730 / 1132 %]
Process: 604_P_POST_BSO2.bsf: [0731 / 1132 %]
Process: 604_P_POST_BUC1.bsf: [0732 / 1132 %]
Process: 604_P_POST_BUC2.bsf: [0733 / 1132 %]
Process: 604_P_POST_BUO1.bsf: [0734 / 1132 %]
Process: 604_P_POST_BUO2.bsf: [0735 / 1132 %]
Process: 604_P_PRE_BSC1.bsf: [0736 / 1132 %]
Process: 604_P_PRE_BSC2.bsf: [0737 / 1132 %]
Process: 604_P_PRE_BSO1.bsf: [0738 / 1132 %]
Process: 604_P_PRE_BSO2.bsf: [0739 / 1132 %]
Process: 604_P_PRE_BUC1.bsf: [0740 / 1132 %]
Process: 604_P_PRE_BUC2.bsf: [0741 / 1132 %]
Process: 604_P_PRE_BUO1.bsf: [0742 / 1132 %]
Process: 604_P_PRE_BUO2.bsf: [0743 / 1132 %]
Process: 612_P_POST_BSC1.bsf: [0744 / 1132 %]
Process: 612_P_POST_BSC2.bsf: [0745 / 1132 %]
Process: 612_P_POST_BSO1.bsf: [0746 / 1132 %]
Process: 612_P_POST_BSO2.bsf: [0747 / 1132 %]
Process: 612_P_POST_BUC1.bsf: [0748 / 1132 %]
Process: 612_P_POST_BUC2.bsf: [0749 / 1132 %]
Process: 612_P_POST_BUO1.bsf: [0750 / 1132 %]
Process: 612_P_POST_BUO2.bsf: [0751 / 1132 %]
Process: 612_P_PRE_BSC1.bsf: [0752 / 1132 %]
Process: 612_P_PRE_BSC2.bsf: [0753 / 1132 %]
Process: 612_P_PRE_BSO1.bsf: [0754 / 1132 %]
Process: 612_P_PRE_BSO2.bsf: [0755 / 1132 %]
Process: 612_P_PRE_BUC1.bsf: [0756 / 1132 %]
Process: 612_P_PRE_BUC2.bsf: [0757 / 1132 %]
Process: 612_P_PRE_BUO1.bsf: [0758 / 1132 %]
Process: 612_P_PRE_BUO2.bsf: [0759 / 1132 %]
Process: 620_P_POST_BSC1.bsf: [0760 / 1132 %]
Process: 620_P_POST_BSC2.bsf: [0761 / 1132 %]
Process: 620_P_POST_BSO1.bsf: [0762 / 1132 %]
Process: 620_P_POST_BSO2.bsf: [0763 / 1132 %]
Process: 620_P_POST_BUC1.bsf: [0764 / 1132 %]
Process: 620_P_POST_BUC2.bsf: [0765 / 1132 %]
Process: 620_P_POST_BUO1.bsf: [0766 / 1132 %]
Process: 620_P_POST_BUO2.bsf: [0767 / 1132 %]
Process: 620_P_PRE_BSC1.bsf: [0768 / 1132 %]
Process: 620_P_PRE_BSC2.bsf: [0769 / 1132 %]
Process: 620_P_PRE_BSO1.bsf: [0770 / 1132 %]
Process: 620_P_PRE_BSO2.bsf: [0771 / 1132 %]
Process: 620_P_PRE_BUC1.bsf: [0772 / 1132 %]
Process: 620_P_PRE_BUC2.bsf: [0773 / 1132 %]
Process: 620_P_PRE_BUO1.bsf: [0774 / 1132 %]
Process: 620_P_PRE_BUO2.bsf: [0775 / 1132 %]
Process: 636_P_POST_BSC1.bsf: [0776 / 1132 %]
Process: 636_P_POST_BSC2.bsf: [0777 / 1132 %]
Process: 636_P_POST_BSO1.bsf: [0778 / 1132 %]
Process: 636_P_POST_BSO2.bsf: [0779 / 1132 %]
Process: 636_P_POST_BUC1.bsf: [0780 / 1132 %]
Process: 636_P_POST_BUC2.bsf: [0781 / 1132 %]
Process: 636_P_POST_BUO1.bsf: [0782 / 1132 %]
Process: 636_P_POST_BUO2.bsf: [0783 / 1132 %]
Process: 636_P_PRE_BSC1.bsf: [0784 / 1132 %]
Process: 636_P_PRE_BSC2.bsf: [0785 / 1132 %]
Process: 636_P_PRE_BSO1.bsf: [0786 / 1132 %]
Process: 636_P_PRE_BSO2.bsf: [0787 / 1132 %]
Process: 636_P_PRE_BUC1.bsf: [0788 / 1132 %]
Process: 636_P_PRE_BUC2.bsf: [0789 / 1132 %]
Process: 636_P_PRE_BUO1.bsf: [0790 / 1132 %]
Process: 636_P_PRE_BUO2.bsf: [0791 / 1132 %]
Process: 651_P_POST_BSC1.bsf: [0792 / 1132 %]
Process: 651_P_POST_BSC2.bsf: [0793 / 1132 %]
Process: 651_P_POST_BSO1.bsf: [0794 / 1132 %]
Process: 651_P_POST_BSO2.bsf: [0795 / 1132 %]
Process: 651_P_POST_BUC1.bsf: [0796 / 1132 %]
Process: 651_P_POST_BUC2.bsf: [0797 / 1132 %]
Process: 651_P_POST_BUO1.bsf: [0798 / 1132 %]
Process: 651_P_POST_BUO2.bsf: [0799 / 1132 %]
Process: 651_P_PRE_BSC1.bsf: [0800 / 1132 %]
Process: 651_P_PRE_BSC2.bsf: [0801 / 1132 %]
Process: 651_P_PRE_BSO1.bsf: [0802 / 1132 %]
Process: 651_P_PRE_BSO2.bsf: [0803 / 1132 %]
Process: 651_P_PRE_BUC1.bsf: [0804 / 1132 %]
Process: 651_P_PRE_BUC2.bsf: [0805 / 1132 %]
Process: 651_P_PRE_BUO1.bsf: [0806 / 1132 %]
Process: 651_P_PRE_BUO2.bsf: [0807 / 1132 %]
Process: 653_P_POST_BSC1.bsf: [0808 / 1132 %]
Process: 653_P_POST_BSC2.bsf: [0809 / 1132 %]
Process: 653_P_POST_BSO1.bsf: [0810 / 1132 %]
Process: 653_P_POST_BSO2.bsf: [0811 / 1132 %]
Process: 653_P_POST_BUC1.bsf: [0812 / 1132 %]
Process: 653_P_POST_BUC2.bsf: [0813 / 1132 %]
Process: 653_P_POST_BUO1.bsf: [0814 / 1132 %]
Process: 653_P_POST_BUO2.bsf: [0815 / 1132 %]
Process: 653_P_PRE_BSC1.bsf: [0816 / 1132 %]
Process: 653_P_PRE_BSC2.bsf: [0817 / 1132 %]
Process: 653_P_PRE_BSO1.bsf: [0818 / 1132 %]
Process: 653_P_PRE_BSO2.bsf: [0819 / 1132 %]
Process: 653_P_PRE_BUC1.bsf: [0820 / 1132 %]
Process: 653_P_PRE_BUC2.bsf: [0821 / 1132 %]
Process: 653_P_PRE_BUO1.bsf: [0822 / 1132 %]
Process: 653_P_PRE_BUO2.bsf: [0823 / 1132 %]
Process: 659_P_POST_BSC1.bsf: [0824 / 1132 %]
Process: 659_P_POST_BSC2.bsf: [0825 / 1132 %]
Process: 659_P_POST_BSO1.bsf: [0826 / 1132 %]
Process: 659_P_POST_BSO2.bsf: [0827 / 1132 %]
Process: 659_P_POST_BUC1.bsf: [0828 / 1132 %]
Process: 659_P_POST_BUC2.bsf: [0829 / 1132 %]
Process: 659_P_POST_BUO1.bsf: [0830 / 1132 %]
Process: 659_P_POST_BUO2.bsf: [0831 / 1132 %]
Process: 659_P_PRE_BSC1.bsf: [0832 / 1132 %]
Process: 659_P_PRE_BSC2.bsf: [0833 / 1132 %]
Process: 659_P_PRE_BSO1.bsf: [0834 / 1132 %]
Process: 659_P_PRE_BSO2.bsf: [0835 / 1132 %]
Process: 659_P_PRE_BUC1.bsf: [0836 / 1132 %]
Process: 659_P_PRE_BUC2.bsf: [0837 / 1132 %]
Process: 659_P_PRE_BUO1.bsf: [0838 / 1132 %]
Process: 659_P_PRE_BUO2.bsf: [0839 / 1132 %]
Process: 679_P_POST_BSC1.bsf: [0840 / 1132 %]
Process: 679_P_POST_BSC2.bsf: [0841 / 1132 %]
Process: 679_P_POST_BSO1.bsf: [0842 / 1132 %]
Process: 679_P_POST_BSO2.bsf: [0843 / 1132 %]
Process: 679_P_POST_BUC1.bsf: [0844 / 1132 %]
Process: 679_P_POST_BUC2.bsf: [0845 / 1132 %]
Process: 679_P_POST_BUO1.bsf: [0846 / 1132 %]
Process: 679_P_POST_BUO2.bsf: [0847 / 1132 %]
Process: 679_P_PRE_BSC1.bsf: [0848 / 1132 %]
Process: 679_P_PRE_BSC2.bsf: [0849 / 1132 %]
Process: 679_P_PRE_BSO1.bsf: [0850 / 1132 %]
Process: 679_P_PRE_BSO2.bsf: [0851 / 1132 %]
Process: 679_P_PRE_BUC1.bsf: [0852 / 1132 %]
Process: 679_P_PRE_BUC2.bsf: [0853 / 1132 %]
Process: 679_P_PRE_BUO1.bsf: [0854 / 1132 %]
Process: 679_P_PRE_BUO2.bsf: [0855 / 1132 %]
Process: 709_P_POST_BSC1.bsf: [0856 / 1132 %]
Process: 709_P_POST_BSC2.bsf: [0857 / 1132 %]
Process: 709_P_POST_BSO1.bsf: [0858 / 1132 %]
Process: 709_P_POST_BSO2.bsf: [0859 / 1132 %]
Process: 709_P_POST_BUC1.bsf: [0860 / 1132 %]
Process: 709_P_POST_BUC2.bsf: [0861 / 1132 %]
Process: 709_P_POST_BUO1.bsf: [0862 / 1132 %]
Process: 709_P_POST_BUO2.bsf: [0863 / 1132 %]
Process: 709_P_PRE_BSC1.bsf: [0864 / 1132 %]
Process: 709_P_PRE_BSC2.bsf: [0865 / 1132 %]
Process: 709_P_PRE_BSO1.bsf: [0866 / 1132 %]
Process: 709_P_PRE_BSO2.bsf: [0867 / 1132 %]
Process: 709_P_PRE_BUC1.bsf: [0868 / 1132 %]
Process: 709_P_PRE_BUC2.bsf: [0869 / 1132 %]
Process: 709_P_PRE_BUO1.bsf: [0870 / 1132 %]
Process: 709_P_PRE_BUO2.bsf: [0871 / 1132 %]
Process: 752_P_IB1_CMJ1.bsf: [0872 / 1132 %]
Process: 752_P_IB1_CMJ2.bsf: [0873 / 1132 %]
Process: 752_P_IB1_CMJ3.bsf: [0874 / 1132 %]
Process: 752_P_IB2_CMJ1.bsf: [0875 / 1132 %]
Process: 752_P_IB2_CMJ2.bsf: [0876 / 1132 %]
Process: 752_P_IB2_CMJ3.bsf: [0877 / 1132 %]
Process: 752_P_IB3_CMJ1.bsf: [0878 / 1132 %]
Process: 752_P_IB3_CMJ2.bsf: [0879 / 1132 %]
Process: 752_P_IB3_CMJ3.bsf: [0880 / 1132 %]
Process: 752_P_POST30_CMJ1.bsf: [0881 / 1132 %]
Process: 752_P_POST30_CMJ2.bsf: [0882 / 1132 %]
Process: 752_P_POST30_CMJ3.bsf: [0883 / 1132 %]
Process: 752_P_POST60_CMJ1.bsf: [0884 / 1132 %]
Process: 752_P_POST60_CMJ2.bsf: [0885 / 1132 %]
Process: 752_P_POST60_CMJ3.bsf: [0886 / 1132 %]
Process: 752_P_POST_CMJ1.bsf: [0887 / 1132 %]
Process: 752_P_POST_CMJ2.bsf: [0888 / 1132 %]
Process: 752_P_POST_CMJ3.bsf: [0889 / 1132 %]
Process: 752_P_PRE_CMJ1.bsf: [0890 / 1132 %]
Process: 752_P_PRE_CMJ2.bsf: [0891 / 1132 %]
Process: 752_P_PRE_CMJ3.bsf: [0892 / 1132 %]
Process: 756_P_POST_BSC1.bsf: [0893 / 1132 %]
Process: 756_P_POST_BSC2.bsf: [0894 / 1132 %]
Process: 756_P_POST_BSO1.bsf: [0895 / 1132 %]
Process: 756_P_POST_BSO2.bsf: [0896 / 1132 %]
Process: 756_P_POST_BUC1.bsf: [0897 / 1132 %]
Process: 756_P_POST_BUC2.bsf: [0898 / 1132 %]
Process: 756_P_POST_BUO1.bsf: [0899 / 1132 %]
Process: 756_P_POST_BUO2.bsf: [0900 / 1132 %]
Process: 756_P_PRE_BSC1.bsf: [0901 / 1132 %]
Process: 756_P_PRE_BSC2.bsf: [0902 / 1132 %]
Process: 756_P_PRE_BSO1.bsf: [0903 / 1132 %]
Process: 756_P_PRE_BSO2.bsf: [0904 / 1132 %]
Process: 756_P_PRE_BUC2.bsf: [0905 / 1132 %]
Process: 756_P_PRE_BUO1.bsf: [0906 / 1132 %]
Process: 756_P_PRE_BUO2.bsf: [0907 / 1132 %]
Process: 766_P_POST_BSC1.bsf: [0908 / 1132 %]
Process: 766_P_POST_BSC2.bsf: [0909 / 1132 %]
Process: 766_P_POST_BSO1.bsf: [0910 / 1132 %]
Process: 766_P_POST_BSO2.bsf: [0911 / 1132 %]
Process: 766_P_POST_BUC1.bsf: [0912 / 1132 %]
Process: 766_P_POST_BUC2.bsf: [0913 / 1132 %]
Process: 766_P_POST_BUO1.bsf: [0914 / 1132 %]
Process: 766_P_POST_BUO2.bsf: [0915 / 1132 %]
Process: 766_P_PRE_BSC1.bsf: [0916 / 1132 %]
Process: 766_P_PRE_BSC2.bsf: [0917 / 1132 %]
Process: 766_P_PRE_BSO1.bsf: [0918 / 1132 %]
Process: 766_P_PRE_BSO2.bsf: [0919 / 1132 %]
Process: 766_P_PRE_BUC1.bsf: [0920 / 1132 %]
Process: 766_P_PRE_BUC2.bsf: [0921 / 1132 %]
Process: 766_P_PRE_BUO1.bsf: [0922 / 1132 %]
Process: 766_P_PRE_BUO2.bsf: [0923 / 1132 %]
Process: 78_SM_SD0_BSO1.bsf: [0924 / 1132 %]
Process: 795_P_POST_BSC1.bsf: [0925 / 1132 %]
Process: 795_P_POST_BSC2.bsf: [0926 / 1132 %]
Process: 795_P_POST_BSO1.bsf: [0927 / 1132 %]
Process: 795_P_POST_BSO2.bsf: [0928 / 1132 %]
Process: 795_P_POST_BUC1.bsf: [0929 / 1132 %]
Process: 795_P_POST_BUC2.bsf: [0930 / 1132 %]
Process: 795_P_POST_BUO1.bsf: [0931 / 1132 %]
Process: 795_P_POST_BUO2.bsf: [0932 / 1132 %]
Process: 795_P_PRE_BSC1.bsf: [0933 / 1132 %]
Process: 795_P_PRE_BSC2.bsf: [0934 / 1132 %]
Process: 795_P_PRE_BSO1.bsf: [0935 / 1132 %]
Process: 795_P_PRE_BSO2.bsf: [0936 / 1132 %]
Process: 795_P_PRE_BUC1.bsf: [0937 / 1132 %]
Process: 795_P_PRE_BUC2.bsf: [0938 / 1132 %]
Process: 795_P_PRE_BUO1.bsf: [0939 / 1132 %]
Process: 795_P_PRE_BUO2.bsf: [0940 / 1132 %]
Process: 81_P_POST_BSC1.bsf: [0941 / 1132 %]
Process: 81_P_POST_BSC2.bsf: [0942 / 1132 %]
Process: 81_P_POST_BSO1.bsf: [0943 / 1132 %]
Process: 81_P_POST_BSO2.bsf: [0944 / 1132 %]
Process: 81_P_POST_BUC1.bsf: [0945 / 1132 %]
Process: 81_P_POST_BUC2.bsf: [0946 / 1132 %]
Process: 81_P_POST_BUO1.bsf: [0947 / 1132 %]
Process: 81_P_POST_BUO2.bsf: [0948 / 1132 %]
Process: 81_P_PRE_BSC1.bsf: [0949 / 1132 %]
Process: 81_P_PRE_BSC2.bsf: [0950 / 1132 %]
Process: 81_P_PRE_BSO1.bsf: [0951 / 1132 %]
Process: 81_P_PRE_BSO2.bsf: [0952 / 1132 %]
Process: 81_P_PRE_BUC1.bsf: [0953 / 1132 %]
Process: 81_P_PRE_BUC2.bsf: [0954 / 1132 %]
Process: 81_P_PRE_BUO1.bsf: [0955 / 1132 %]
Process: 81_P_PRE_BUO2.bsf: [0956 / 1132 %]
Process: 835_P_POST_BSC1.bsf: [0957 / 1132 %]
Process: 835_P_POST_BSC2.bsf: [0958 / 1132 %]
Process: 835_P_POST_BSO1.bsf: [0959 / 1132 %]
Process: 835_P_POST_BSO2.bsf: [0960 / 1132 %]
Process: 835_P_POST_BUC1.bsf: [0961 / 1132 %]
Process: 835_P_POST_BUC2.bsf: [0962 / 1132 %]
Process: 835_P_POST_BUO1.bsf: [0963 / 1132 %]
Process: 835_P_POST_BUO2.bsf: [0964 / 1132 %]
Process: 835_P_PRE_BSC1.bsf: [0965 / 1132 %]
Process: 835_P_PRE_BSC2.bsf: [0966 / 1132 %]
Process: 835_P_PRE_BSO1.bsf: [0967 / 1132 %]
Process: 835_P_PRE_BSO2.bsf: [0968 / 1132 %]
Process: 835_P_PRE_BUC1.bsf: [0969 / 1132 %]
Process: 835_P_PRE_BUC2.bsf: [0970 / 1132 %]
Process: 835_P_PRE_BUO1.bsf: [0971 / 1132 %]
Process: 835_P_PRE_BUO2.bsf: [0972 / 1132 %]
Process: 83_P_POST_BSC1.bsf: [0973 / 1132 %]
Process: 83_P_POST_BSC2.bsf: [0974 / 1132 %]
Process: 83_P_POST_BSO1.bsf: [0975 / 1132 %]
Process: 83_P_POST_BSO2.bsf: [0976 / 1132 %]
Process: 83_P_POST_BUC1.bsf: [0977 / 1132 %]
Process: 83_P_POST_BUC2.bsf: [0978 / 1132 %]
Process: 83_P_POST_BUO1.bsf: [0979 / 1132 %]
Process: 83_P_POST_BUO2.bsf: [0980 / 1132 %]
Process: 83_P_PRE_BSC1.bsf: [0981 / 1132 %]
Process: 83_P_PRE_BSC2.bsf: [0982 / 1132 %]
Process: 83_P_PRE_BSO1.bsf: [0983 / 1132 %]
Process: 83_P_PRE_BSO2.bsf: [0984 / 1132 %]
Process: 83_P_PRE_BUC1.bsf: [0985 / 1132 %]
Process: 83_P_PRE_BUC2.bsf: [0986 / 1132 %]
Process: 83_P_PRE_BUO1.bsf: [0987 / 1132 %]
Process: 83_P_PRE_BUO2.bsf: [0988 / 1132 %]
Process: 854_P_POST_BSC1.bsf: [0989 / 1132 %]
Process: 854_P_POST_BSC2.bsf: [0990 / 1132 %]
Process: 854_P_POST_BSO1.bsf: [0991 / 1132 %]
Process: 854_P_POST_BSO2.bsf: [0992 / 1132 %]
Process: 854_P_POST_BUC1.bsf: [0993 / 1132 %]
Process: 854_P_POST_BUC2.bsf: [0994 / 1132 %]
Process: 854_P_POST_BUO1.bsf: [0995 / 1132 %]
Process: 854_P_POST_BUO2.bsf: [0996 / 1132 %]
Process: 854_P_PRE_BSC1.bsf: [0997 / 1132 %]
Process: 854_P_PRE_BSC2.bsf: [0998 / 1132 %]
Process: 854_P_PRE_BSO1.bsf: [0999 / 1132 %]
Process: 854_P_PRE_BSO2.bsf: [1000 / 1132 %]
Process: 854_P_PRE_BUC1.bsf: [1001 / 1132 %]
Process: 854_P_PRE_BUC2.bsf: [1002 / 1132 %]
Process: 854_P_PRE_BUO1.bsf: [1003 / 1132 %]
Process: 854_P_PRE_BUO2.bsf: [1004 / 1132 %]
Process: 868_P_POST_BSC1.bsf: [1005 / 1132 %]
Process: 868_P_POST_BSC2.bsf: [1006 / 1132 %]
Process: 868_P_POST_BSO1.bsf: [1007 / 1132 %]
Process: 868_P_POST_BSO2.bsf: [1008 / 1132 %]
Process: 868_P_POST_BUC1.bsf: [1009 / 1132 %]
Process: 868_P_POST_BUC2.bsf: [1010 / 1132 %]
Process: 868_P_POST_BUO1.bsf: [1011 / 1132 %]
Process: 868_P_POST_BUO2.bsf: [1012 / 1132 %]
Process: 868_P_PRE_BSC1.bsf: [1013 / 1132 %]
Process: 868_P_PRE_BSC2.bsf: [1014 / 1132 %]
Process: 868_P_PRE_BSO1.bsf: [1015 / 1132 %]
Process: 868_P_PRE_BSO2.bsf: [1016 / 1132 %]
Process: 868_P_PRE_BUC1.bsf: [1017 / 1132 %]
Process: 868_P_PRE_BUC2.bsf: [1018 / 1132 %]
Process: 868_P_PRE_BUO1.bsf: [1019 / 1132 %]
Process: 868_P_PRE_BUO2.bsf: [1020 / 1132 %]
Process: 874_P_POST_BSC1.bsf: [1021 / 1132 %]
Process: 874_P_POST_BSC2.bsf: [1022 / 1132 %]
Process: 874_P_POST_BSO1.bsf: [1023 / 1132 %]
Process: 874_P_POST_BSO2.bsf: [1024 / 1132 %]
Process: 874_P_POST_BUC1.bsf: [1025 / 1132 %]
Process: 874_P_POST_BUC2.bsf: [1026 / 1132 %]
Process: 874_P_POST_BUO1.bsf: [1027 / 1132 %]
Process: 874_P_POST_BUO2.bsf: [1028 / 1132 %]
Process: 874_P_PRE_BSC1.bsf: [1029 / 1132 %]
Process: 874_P_PRE_BSC2.bsf: [1030 / 1132 %]
Process: 874_P_PRE_BSO1.bsf: [1031 / 1132 %]
Process: 874_P_PRE_BSO2.bsf: [1032 / 1132 %]
Process: 874_P_PRE_BUC1.bsf: [1033 / 1132 %]
Process: 874_P_PRE_BUC2.bsf: [1034 / 1132 %]
Process: 874_P_PRE_BUO1.bsf: [1035 / 1132 %]
Process: 874_P_PRE_BUO2.bsf: [1036 / 1132 %]
Process: 884_P_POST_BSC1.bsf: [1037 / 1132 %]
Process: 884_P_POST_BSC2.bsf: [1038 / 1132 %]
Process: 884_P_POST_BSO1.bsf: [1039 / 1132 %]
Process: 884_P_POST_BSO2.bsf: [1040 / 1132 %]
Process: 884_P_POST_BUC1.bsf: [1041 / 1132 %]
Process: 884_P_POST_BUC2.bsf: [1042 / 1132 %]
Process: 884_P_POST_BUO1.bsf: [1043 / 1132 %]
Process: 884_P_POST_BUO2.bsf: [1044 / 1132 %]
Process: 884_P_PRE_BSC1.bsf: [1045 / 1132 %]
Process: 884_P_PRE_BSC2.bsf: [1046 / 1132 %]
Process: 884_P_PRE_BSO1.bsf: [1047 / 1132 %]
Process: 884_P_PRE_BSO2.bsf: [1048 / 1132 %]
Process: 884_P_PRE_BUC1.bsf: [1049 / 1132 %]
Process: 884_P_PRE_BUC2.bsf: [1050 / 1132 %]
Process: 884_P_PRE_BUO1.bsf: [1051 / 1132 %]
Process: 884_P_PRE_BUO2.bsf: [1052 / 1132 %]
Process: 885_P_POST_BSC1.bsf: [1053 / 1132 %]
Process: 885_P_POST_BSC2.bsf: [1054 / 1132 %]
Process: 885_P_POST_BSO1.bsf: [1055 / 1132 %]
Process: 885_P_POST_BSO2.bsf: [1056 / 1132 %]
Process: 885_P_POST_BUC1.bsf: [1057 / 1132 %]
Process: 885_P_POST_BUC2.bsf: [1058 / 1132 %]
Process: 885_P_POST_BUO1.bsf: [1059 / 1132 %]
Process: 885_P_POST_BUO2.bsf: [1060 / 1132 %]
Process: 885_P_PRE_BSC1.bsf: [1061 / 1132 %]
Process: 885_P_PRE_BSC2.bsf: [1062 / 1132 %]
Process: 885_P_PRE_BSO1.bsf: [1063 / 1132 %]
Process: 885_P_PRE_BSO2.bsf: [1064 / 1132 %]
Process: 885_P_PRE_BUC1.bsf: [1065 / 1132 %]
Process: 885_P_PRE_BUC2.bsf: [1066 / 1132 %]
Process: 885_P_PRE_BUO1.bsf: [1067 / 1132 %]
Process: 885_P_PRE_BUO2.bsf: [1068 / 1132 %]
Process: 906_P_POST_BSC1.bsf: [1069 / 1132 %]
Process: 906_P_POST_BSC2.bsf: [1070 / 1132 %]
Process: 906_P_POST_BSO1.bsf: [1071 / 1132 %]
Process: 906_P_POST_BSO2.bsf: [1072 / 1132 %]
Process: 906_P_POST_BUC1.bsf: [1073 / 1132 %]
Process: 906_P_POST_BUC2.bsf: [1074 / 1132 %]
Process: 906_P_POST_BUO1.bsf: [1075 / 1132 %]
Process: 906_P_POST_BUO2.bsf: [1076 / 1132 %]
Process: 906_P_PRE_BSC1.bsf: [1077 / 1132 %]
Process: 906_P_PRE_BSC2.bsf: [1078 / 1132 %]
Process: 906_P_PRE_BSO1.bsf: [1079 / 1132 %]
Process: 906_P_PRE_BSO2.bsf: [1080 / 1132 %]
Process: 906_P_PRE_BUC1.bsf: [1081 / 1132 %]
Process: 906_P_PRE_BUC2.bsf: [1082 / 1132 %]
Process: 906_P_PRE_BUO1.bsf: [1083 / 1132 %]
Process: 906_P_PRE_BUO2.bsf: [1084 / 1132 %]
Process: 924_P_POST_BSC1.bsf: [1085 / 1132 %]
Process: 924_P_POST_BSC2.bsf: [1086 / 1132 %]
Process: 924_P_POST_BSO1.bsf: [1087 / 1132 %]
Process: 924_P_POST_BSO2.bsf: [1088 / 1132 %]
Process: 924_P_POST_BUC1.bsf: [1089 / 1132 %]
Process: 924_P_POST_BUC2.bsf: [1090 / 1132 %]
Process: 924_P_POST_BUO1.bsf: [1091 / 1132 %]
Process: 924_P_POST_BUO2.bsf: [1092 / 1132 %]
Process: 924_P_PRE_BSC1.bsf: [1093 / 1132 %]
Process: 924_P_PRE_BSC2.bsf: [1094 / 1132 %]
Process: 924_P_PRE_BSO1.bsf: [1095 / 1132 %]
Process: 924_P_PRE_BSO2.bsf: [1096 / 1132 %]
Process: 924_P_PRE_BUC1.bsf: [1097 / 1132 %]
Process: 924_P_PRE_BUC2.bsf: [1098 / 1132 %]
Process: 924_P_PRE_BUO1.bsf: [1099 / 1132 %]
Process: 924_P_PRE_BUO2.bsf: [1100 / 1132 %]
Process: 928_P_POST_BSC1.bsf: [1101 / 1132 %]
Process: 928_P_POST_BSC2.bsf: [1102 / 1132 %]
Process: 928_P_POST_BSO1.bsf: [1103 / 1132 %]
Process: 928_P_POST_BSO2.bsf: [1104 / 1132 %]
Process: 928_P_POST_BUC1.bsf: [1105 / 1132 %]
Process: 928_P_POST_BUC2.bsf: [1106 / 1132 %]
Process: 928_P_POST_BUO1.bsf: [1107 / 1132 %]
Process: 928_P_POST_BUO2.bsf: [1108 / 1132 %]
Process: 928_P_PRE_BSC1.bsf: [1109 / 1132 %]
Process: 928_P_PRE_BSC2.bsf: [1110 / 1132 %]
Process: 928_P_PRE_BSO1.bsf: [1111 / 1132 %]
Process: 928_P_PRE_BSO2.bsf: [1112 / 1132 %]
Process: 928_P_PRE_BUC1.bsf: [1113 / 1132 %]
Process: 928_P_PRE_BUC2.bsf: [1114 / 1132 %]
Process: 928_P_PRE_BUO1.bsf: [1115 / 1132 %]
Process: 928_P_PRE_BUO2.bsf: [1116 / 1132 %]
Process: 94_P_POST_BSC1.bsf: [1117 / 1132 %]
Process: 94_P_POST_BSC2.bsf: [1118 / 1132 %]
Process: 94_P_POST_BSO1.bsf: [1119 / 1132 %]
Process: 94_P_POST_BSO2.bsf: [1120 / 1132 %]
Process: 94_P_POST_BUC1.bsf: [1121 / 1132 %]
Process: 94_P_POST_BUC2.bsf: [1122 / 1132 %]
Process: 94_P_POST_BUO1.bsf: [1123 / 1132 %]
Process: 94_P_POST_BUO2.bsf: [1124 / 1132 %]
Process: 94_P_PRE_BSC1.bsf: [1125 / 1132 %]
Process: 94_P_PRE_BSC2.bsf: [1126 / 1132 %]
Process: 94_P_PRE_BSO1.bsf: [1127 / 1132 %]
Process: 94_P_PRE_BSO2.bsf: [1128 / 1132 %]
Process: 94_P_PRE_BUC1.bsf: [1129 / 1132 %]
